#################################################################
# If you used AutoDock Vina in your work, please cite:          #
#                                                               #
# O. Trott, A. J. Olson,                                        #
# AutoDock Vina: improving the speed and accuracy of docking    #
# with a new scoring function, efficient optimization and       #
# multithreading, Journal of Computational Chemistry 31 (2010)  #
# 455-461                                                       #
#                                                               #
# DOI 10.1002/jcc.21334                                         #
#                                                               #
# Please see http://vina.scripps.edu for more information.      #
#################################################################

WARNING: The search space volume > 27000 Angstrom^3 (See FAQ)
Reading input ... done.
Setting up the scoring function ... done.
Analyzing the binding site ... done.
Using random seed: 1761253952
Performing search ... 
0%   10   20   30   40   50   60   70   80   90   100%
|----|----|----|----|----|----|----|----|----|----|
***************************************************
done.
Refining results ... done.

mode |   affinity | dist from best mode
     | (kcal/mol) | rmsd l.b.| rmsd u.b.
-----+------------+----------+----------
   1         -8.9      0.000      0.000
   2         -8.8      2.548      5.525
   3         -8.8      3.608      8.532
   4         -8.7      2.452      8.162
   5         -8.7      1.629      1.991
   6         -8.7      2.946      6.241
   7         -8.7      3.472     10.759
   8         -8.6      4.013      9.687
   9         -8.6      3.038      7.992
  10         -8.6      3.140      7.441
  11         -8.6      2.935      8.690
  12         -8.5      3.040      8.571
  13         -8.5      1.690      2.012
  14         -8.5      2.376      8.639
  15         -8.5      2.870      8.174
  16         -8.4      2.380      8.062
  17         -8.4      2.384      7.864
  18         -8.3      2.324      5.225
  19         -8.3      2.568      3.981
  20         -8.3      2.200      7.455
Writing output ... done.
