#################################################################
# If you used AutoDock Vina in your work, please cite:          #
#                                                               #
# O. Trott, A. J. Olson,                                        #
# AutoDock Vina: improving the speed and accuracy of docking    #
# with a new scoring function, efficient optimization and       #
# multithreading, Journal of Computational Chemistry 31 (2010)  #
# 455-461                                                       #
#                                                               #
# DOI 10.1002/jcc.21334                                         #
#                                                               #
# Please see http://vina.scripps.edu for more information.      #
#################################################################

WARNING: The search space volume > 27000 Angstrom^3 (See FAQ)
Reading input ... done.
Setting up the scoring function ... done.
Analyzing the binding site ... done.
Using random seed: 1531239968
Performing search ... 
0%   10   20   30   40   50   60   70   80   90   100%
|----|----|----|----|----|----|----|----|----|----|
***************************************************
done.
Refining results ... done.

mode |   affinity | dist from best mode
     | (kcal/mol) | rmsd l.b.| rmsd u.b.
-----+------------+----------+----------
   1        -10.7      0.000      0.000
   2        -10.6      1.936      5.333
   3        -10.5      1.700      5.487
   4        -10.4      1.865      7.945
   5        -10.3      1.831      7.625
   6        -10.2      1.719      7.559
   7        -10.2      1.787     10.224
   8        -10.2      1.722      2.233
   9        -10.0      1.672      8.011
  10        -10.0      2.987      4.762
  11         -9.8      1.601      7.914
  12         -9.8      1.396      7.704
  13         -9.7      2.330      8.197
  14         -9.7      1.956      4.895
  15         -9.6      1.623      4.289
  16         -9.6      2.675      8.820
  17         -9.6      1.764      7.807
  18         -9.5      1.751      9.697
  19         -9.5      3.274      8.799
  20         -9.4      1.696      8.122
Writing output ... done.
