#################################################################
# If you used AutoDock Vina in your work, please cite:          #
#                                                               #
# O. Trott, A. J. Olson,                                        #
# AutoDock Vina: improving the speed and accuracy of docking    #
# with a new scoring function, efficient optimization and       #
# multithreading, Journal of Computational Chemistry 31 (2010)  #
# 455-461                                                       #
#                                                               #
# DOI 10.1002/jcc.21334                                         #
#                                                               #
# Please see http://vina.scripps.edu for more information.      #
#################################################################

WARNING: The search space volume > 27000 Angstrom^3 (See FAQ)
Reading input ... done.
Setting up the scoring function ... done.
Analyzing the binding site ... done.
Using random seed: 1227888520
Performing search ... 
0%   10   20   30   40   50   60   70   80   90   100%
|----|----|----|----|----|----|----|----|----|----|
***************************************************
done.
Refining results ... done.

mode |   affinity | dist from best mode
     | (kcal/mol) | rmsd l.b.| rmsd u.b.
-----+------------+----------+----------
   1         -8.1      0.000      0.000
   2         -6.4      4.433      8.304
   3         -6.4     24.169     29.064
   4         -6.3     33.300     37.612
   5         -6.3     21.990     28.675
   6         -6.2     28.323     33.071
   7         -6.2      4.684     10.498
   8         -6.2      5.835     10.634
   9         -6.1      4.439     10.097
  10         -6.1     24.470     28.748
  11         -6.1     26.334     30.778
  12         -6.1     13.404     17.843
  13         -6.0     13.544     17.135
  14         -6.0     24.457     29.372
  15         -6.0     23.619     28.937
  16         -6.0      5.454     10.159
  17         -6.0      6.092     11.045
  18         -6.0      4.677     10.858
  19         -6.0      4.796     11.814
  20         -6.0     13.740     18.290
Writing output ... done.
