#################################################################
# If you used AutoDock Vina in your work, please cite:          #
#                                                               #
# O. Trott, A. J. Olson,                                        #
# AutoDock Vina: improving the speed and accuracy of docking    #
# with a new scoring function, efficient optimization and       #
# multithreading, Journal of Computational Chemistry 31 (2010)  #
# 455-461                                                       #
#                                                               #
# DOI 10.1002/jcc.21334                                         #
#                                                               #
# Please see http://vina.scripps.edu for more information.      #
#################################################################

WARNING: The search space volume > 27000 Angstrom^3 (See FAQ)
Reading input ... done.
Setting up the scoring function ... done.
Analyzing the binding site ... done.
Using random seed: -999310372
Performing search ... 
0%   10   20   30   40   50   60   70   80   90   100%
|----|----|----|----|----|----|----|----|----|----|
***************************************************
done.
Refining results ... done.

mode |   affinity | dist from best mode
     | (kcal/mol) | rmsd l.b.| rmsd u.b.
-----+------------+----------+----------
   1        -11.1      0.000      0.000
   2        -11.1     27.945     31.258
   3        -10.8      2.220      7.205
   4        -10.7      1.475      7.207
   5        -10.5      4.291      9.293
   6        -10.5      2.310      5.401
   7        -10.2      2.330      6.921
   8        -10.2      1.756      2.213
   9        -10.1     27.936     31.270
  10        -10.1      2.336      7.203
  11         -9.9     27.870     30.465
  12         -9.8     27.661     30.174
  13         -9.6     29.119     32.140
  14         -9.2      2.571      3.607
  15         -8.6     28.517     31.147
  16         -8.6     10.391     14.812
  17         -8.6     10.413     14.976
  18         -8.5     29.800     32.177
  19         -8.4      9.330     14.496
  20         -8.3     10.024     14.089
Writing output ... done.
