#################################################################
# If you used AutoDock Vina in your work, please cite:          #
#                                                               #
# O. Trott, A. J. Olson,                                        #
# AutoDock Vina: improving the speed and accuracy of docking    #
# with a new scoring function, efficient optimization and       #
# multithreading, Journal of Computational Chemistry 31 (2010)  #
# 455-461                                                       #
#                                                               #
# DOI 10.1002/jcc.21334                                         #
#                                                               #
# Please see http://vina.scripps.edu for more information.      #
#################################################################

WARNING: The search space volume > 27000 Angstrom^3 (See FAQ)
Reading input ... done.
Setting up the scoring function ... done.
Analyzing the binding site ... done.
Using random seed: 1943997300
Performing search ... 
0%   10   20   30   40   50   60   70   80   90   100%
|----|----|----|----|----|----|----|----|----|----|
***************************************************
done.
Refining results ... done.

mode |   affinity | dist from best mode
     | (kcal/mol) | rmsd l.b.| rmsd u.b.
-----+------------+----------+----------
   1         -8.4      0.000      0.000
   2         -8.2      1.411      7.269
   3         -7.5     22.700     26.175
   4         -7.3     20.918     22.571
   5         -7.3     20.826     23.648
   6         -7.2     26.493     28.064
   7         -7.1      7.036     13.218
   8         -7.1     23.555     26.138
   9         -7.1      6.474     12.644
  10         -7.0      5.692     10.667
  11         -7.0     21.710     24.268
  12         -7.0     21.307     23.510
  13         -7.0     18.255     21.111
  14         -7.0     22.342     23.928
  15         -7.0     15.887     18.479
  16         -7.0     10.738     14.832
  17         -7.0      4.976     11.305
  18         -6.9     20.086     22.723
  19         -6.9      5.576     11.192
  20         -6.9     15.685     18.319
Writing output ... done.
