#################################################################
# If you used AutoDock Vina in your work, please cite:          #
#                                                               #
# O. Trott, A. J. Olson,                                        #
# AutoDock Vina: improving the speed and accuracy of docking    #
# with a new scoring function, efficient optimization and       #
# multithreading, Journal of Computational Chemistry 31 (2010)  #
# 455-461                                                       #
#                                                               #
# DOI 10.1002/jcc.21334                                         #
#                                                               #
# Please see http://vina.scripps.edu for more information.      #
#################################################################

WARNING: The search space volume > 27000 Angstrom^3 (See FAQ)
Reading input ... done.
Setting up the scoring function ... done.
Analyzing the binding site ... done.
Using random seed: 1095220732
Performing search ... 
0%   10   20   30   40   50   60   70   80   90   100%
|----|----|----|----|----|----|----|----|----|----|
***************************************************
done.
Refining results ... done.

mode |   affinity | dist from best mode
     | (kcal/mol) | rmsd l.b.| rmsd u.b.
-----+------------+----------+----------
   1        -10.4      0.000      0.000
   2        -10.0      2.678      8.145
   3         -9.7      2.287      5.148
   4         -9.7      2.733     10.565
   5         -9.6      2.217     10.204
   6         -9.5      2.126     10.274
   7         -9.5      2.137      6.892
   8         -9.3      4.873      9.019
   9         -9.3     28.438     31.663
  10         -9.2      3.955      7.035
  11         -9.2     29.924     33.400
  12         -9.1      1.972      7.207
  13         -9.1     27.859     31.267
  14         -9.1     28.307     32.203
  15         -9.1     29.669     32.849
  16         -9.0     28.135     31.448
  17         -9.0     28.194     30.743
  18         -9.0      1.726      2.226
  19         -8.9     28.187     31.429
  20         -8.9      2.656      8.479
Writing output ... done.
