#################################################################
# If you used AutoDock Vina in your work, please cite:          #
#                                                               #
# O. Trott, A. J. Olson,                                        #
# AutoDock Vina: improving the speed and accuracy of docking    #
# with a new scoring function, efficient optimization and       #
# multithreading, Journal of Computational Chemistry 31 (2010)  #
# 455-461                                                       #
#                                                               #
# DOI 10.1002/jcc.21334                                         #
#                                                               #
# Please see http://vina.scripps.edu for more information.      #
#################################################################

WARNING: The search space volume > 27000 Angstrom^3 (See FAQ)
Reading input ... done.
Setting up the scoring function ... done.
Analyzing the binding site ... done.
Using random seed: -1350647784
Performing search ... 
0%   10   20   30   40   50   60   70   80   90   100%
|----|----|----|----|----|----|----|----|----|----|
***************************************************
done.
Refining results ... done.

mode |   affinity | dist from best mode
     | (kcal/mol) | rmsd l.b.| rmsd u.b.
-----+------------+----------+----------
   1        -10.4      0.000      0.000
   2        -10.1      1.380      1.634
   3        -10.1     27.680     32.610
   4        -10.1     27.268     31.291
   5        -10.0      2.593      9.155
   6         -9.9      2.034      7.179
   7         -9.5      2.318      7.506
   8         -9.5      2.130      7.475
   9         -9.5     27.055     30.215
  10         -9.4      2.399      8.190
  11         -8.5     28.198     31.515
  12         -8.4      2.095      7.189
  13         -8.2     27.936     31.548
  14         -8.1     27.434     31.678
  15         -8.1     26.494     31.621
  16         -7.9     26.851     33.623
  17         -7.9     27.117     33.388
  18         -7.7     27.349     33.578
  19         -7.5     27.505     31.491
  20         -7.4     26.966     30.830
Writing output ... done.
