#################################################################
# If you used AutoDock Vina in your work, please cite:          #
#                                                               #
# O. Trott, A. J. Olson,                                        #
# AutoDock Vina: improving the speed and accuracy of docking    #
# with a new scoring function, efficient optimization and       #
# multithreading, Journal of Computational Chemistry 31 (2010)  #
# 455-461                                                       #
#                                                               #
# DOI 10.1002/jcc.21334                                         #
#                                                               #
# Please see http://vina.scripps.edu for more information.      #
#################################################################

WARNING: The search space volume > 27000 Angstrom^3 (See FAQ)
Reading input ... done.
Setting up the scoring function ... done.
Analyzing the binding site ... done.
Using random seed: 1021011048
Performing search ... 
0%   10   20   30   40   50   60   70   80   90   100%
|----|----|----|----|----|----|----|----|----|----|
***************************************************
done.
Refining results ... done.

mode |   affinity | dist from best mode
     | (kcal/mol) | rmsd l.b.| rmsd u.b.
-----+------------+----------+----------
   1         -8.0      0.000      0.000
   2         -8.0      7.164     12.163
   3         -7.9      6.484     11.398
   4         -7.9     20.459     23.038
   5         -7.8     15.511     20.902
   6         -7.8     14.332     19.371
   7         -7.7     15.865     20.133
   8         -7.6     14.531     19.930
   9         -7.6     14.695     20.027
  10         -7.5     14.379     19.494
  11         -7.3     15.178     20.415
  12         -7.2      6.947     11.992
  13         -7.0      2.046      7.269
  14         -7.0     16.693     22.881
  15         -7.0     21.648     26.196
  16         -6.9     14.938     20.511
  17         -6.8     11.771     16.978
  18         -6.8     29.341     32.228
  19         -6.8     29.179     32.108
  20         -6.8     26.899     31.175
Writing output ... done.
