#################################################################
# If you used AutoDock Vina in your work, please cite:          #
#                                                               #
# O. Trott, A. J. Olson,                                        #
# AutoDock Vina: improving the speed and accuracy of docking    #
# with a new scoring function, efficient optimization and       #
# multithreading, Journal of Computational Chemistry 31 (2010)  #
# 455-461                                                       #
#                                                               #
# DOI 10.1002/jcc.21334                                         #
#                                                               #
# Please see http://vina.scripps.edu for more information.      #
#################################################################

WARNING: The search space volume > 27000 Angstrom^3 (See FAQ)
Reading input ... done.
Setting up the scoring function ... done.
Analyzing the binding site ... done.
Using random seed: 313365400
Performing search ... 
0%   10   20   30   40   50   60   70   80   90   100%
|----|----|----|----|----|----|----|----|----|----|
***************************************************
done.
Refining results ... done.

mode |   affinity | dist from best mode
     | (kcal/mol) | rmsd l.b.| rmsd u.b.
-----+------------+----------+----------
   1         -9.3      0.000      0.000
   2         -9.3     29.944     33.592
   3         -9.3      1.990      2.782
   4         -9.3      2.153     10.011
   5         -9.2      1.364      7.795
   6         -9.2      2.677      8.939
   7         -9.0      2.481      8.482
   8         -8.9      2.513      8.051
   9         -8.9      1.982     10.120
  10         -8.8     28.798     31.681
  11         -8.8     30.015     34.693
  12         -8.8     29.680     33.711
  13         -8.7      2.018      7.911
  14         -8.7     30.006     33.699
  15         -8.6      2.140      8.266
  16         -8.6     29.432     33.029
  17         -8.6     29.649     33.954
  18         -8.6      1.697      2.168
  19         -8.5     29.417     33.125
  20         -8.5      1.969      7.830
Writing output ... done.
