#################################################################
# If you used AutoDock Vina in your work, please cite:          #
#                                                               #
# O. Trott, A. J. Olson,                                        #
# AutoDock Vina: improving the speed and accuracy of docking    #
# with a new scoring function, efficient optimization and       #
# multithreading, Journal of Computational Chemistry 31 (2010)  #
# 455-461                                                       #
#                                                               #
# DOI 10.1002/jcc.21334                                         #
#                                                               #
# Please see http://vina.scripps.edu for more information.      #
#################################################################

WARNING: The search space volume > 27000 Angstrom^3 (See FAQ)
Reading input ... done.
Setting up the scoring function ... done.
Analyzing the binding site ... done.
Using random seed: -960553216
Performing search ... 
0%   10   20   30   40   50   60   70   80   90   100%
|----|----|----|----|----|----|----|----|----|----|
***************************************************
done.
Refining results ... done.

mode |   affinity | dist from best mode
     | (kcal/mol) | rmsd l.b.| rmsd u.b.
-----+------------+----------+----------
   1         -9.6      0.000      0.000
   2         -9.5      1.294      1.768
   3         -9.4      1.870      7.587
   4         -9.2      1.899     10.412
   5         -9.2      2.160      9.320
   6         -9.1      2.039      9.825
   7         -9.1      1.784      7.640
   8         -9.1      1.845      4.673
   9         -9.0      1.652      8.116
  10         -9.0      1.754      2.324
  11         -8.9      1.894      7.490
  12         -8.9      2.187      9.828
  13         -8.8      2.206      7.616
  14         -8.8      1.781      7.305
  15         -8.8      1.961      8.134
  16         -8.7      1.811     10.158
  17         -8.7     28.625     31.774
  18         -8.7      1.884      7.667
  19         -8.7      1.902      7.663
  20         -8.6     28.588     31.755
Writing output ... done.
