#################################################################
# If you used AutoDock Vina in your work, please cite:          #
#                                                               #
# O. Trott, A. J. Olson,                                        #
# AutoDock Vina: improving the speed and accuracy of docking    #
# with a new scoring function, efficient optimization and       #
# multithreading, Journal of Computational Chemistry 31 (2010)  #
# 455-461                                                       #
#                                                               #
# DOI 10.1002/jcc.21334                                         #
#                                                               #
# Please see http://vina.scripps.edu for more information.      #
#################################################################

WARNING: The search space volume > 27000 Angstrom^3 (See FAQ)
Reading input ... done.
Setting up the scoring function ... done.
Analyzing the binding site ... done.
Using random seed: 1246561494
Performing search ... 
0%   10   20   30   40   50   60   70   80   90   100%
|----|----|----|----|----|----|----|----|----|----|
***************************************************
done.
Refining results ... done.

mode |   affinity | dist from best mode
     | (kcal/mol) | rmsd l.b.| rmsd u.b.
-----+------------+----------+----------
   1         -7.4      0.000      0.000
   2         -7.2      1.622      2.001
   3         -7.1      3.150      8.359
   4         -7.1      3.291     10.494
   5         -6.9      3.387      8.549
   6         -6.9      1.247      1.889
   7         -6.9      1.929      7.450
   8         -6.8      3.083      7.150
   9         -6.8      2.755      6.645
  10         -6.8      2.908      7.527
  11         -6.8     33.464     36.670
  12         -6.7      3.568      4.854
  13         -6.7      1.421      1.891
  14         -6.7     33.915     37.015
  15         -6.6      3.287      6.709
  16         -6.6      1.636     10.060
  17         -6.6      2.134      8.247
  18         -6.6      2.116      8.341
  19         -6.5     32.025     35.386
  20         -6.4      1.951     10.063
Writing output ... done.
