#################################################################
# If you used AutoDock Vina in your work, please cite:          #
#                                                               #
# O. Trott, A. J. Olson,                                        #
# AutoDock Vina: improving the speed and accuracy of docking    #
# with a new scoring function, efficient optimization and       #
# multithreading, Journal of Computational Chemistry 31 (2010)  #
# 455-461                                                       #
#                                                               #
# DOI 10.1002/jcc.21334                                         #
#                                                               #
# Please see http://vina.scripps.edu for more information.      #
#################################################################

WARNING: The search space volume > 27000 Angstrom^3 (See FAQ)
Reading input ... done.
Setting up the scoring function ... done.
Analyzing the binding site ... done.
Using random seed: 548641470
Performing search ... 
0%   10   20   30   40   50   60   70   80   90   100%
|----|----|----|----|----|----|----|----|----|----|
***************************************************
done.
Refining results ... done.

mode |   affinity | dist from best mode
     | (kcal/mol) | rmsd l.b.| rmsd u.b.
-----+------------+----------+----------
   1        -10.2      0.000      0.000
   2         -9.8      1.898     10.443
   3         -9.8      1.912      8.157
   4         -9.7      2.018      8.351
   5         -9.6      1.987      8.114
   6         -9.6      1.391      1.835
   7         -9.2      1.902      7.905
   8         -9.2      2.317      3.864
   9         -9.0      2.020      9.336
  10         -8.9     29.588     32.628
  11         -8.9     29.707     32.821
  12         -8.9      2.070      8.033
  13         -8.8      2.301      8.198
  14         -8.8      2.090      8.126
  15         -8.8     29.742     32.851
  16         -8.8     28.948     32.748
  17         -8.7      2.439      6.809
  18         -8.7     29.545     33.304
  19         -8.7     29.278     32.391
  20         -8.6     29.250     32.865
Writing output ... done.
