#################################################################
# If you used AutoDock Vina in your work, please cite:          #
#                                                               #
# O. Trott, A. J. Olson,                                        #
# AutoDock Vina: improving the speed and accuracy of docking    #
# with a new scoring function, efficient optimization and       #
# multithreading, Journal of Computational Chemistry 31 (2010)  #
# 455-461                                                       #
#                                                               #
# DOI 10.1002/jcc.21334                                         #
#                                                               #
# Please see http://vina.scripps.edu for more information.      #
#################################################################

WARNING: The search space volume > 27000 Angstrom^3 (See FAQ)
Reading input ... done.
Setting up the scoring function ... done.
Analyzing the binding site ... done.
Using random seed: 2069651648
Performing search ... 
0%   10   20   30   40   50   60   70   80   90   100%
|----|----|----|----|----|----|----|----|----|----|
***************************************************
done.
Refining results ... done.

mode |   affinity | dist from best mode
     | (kcal/mol) | rmsd l.b.| rmsd u.b.
-----+------------+----------+----------
   1        -10.5      0.000      0.000
   2         -9.5     29.726     33.612
   3         -9.4      2.849      7.705
   4         -9.3     30.357     33.658
   5         -8.9      2.216      7.765
   6         -8.6      8.857     12.353
   7         -8.3      4.739      9.020
   8         -8.2      8.716     12.054
   9         -8.2     30.208     33.001
  10         -8.1      1.975      7.562
  11         -8.1      8.685     12.636
  12         -8.0     16.090     21.127
  13         -7.9     29.999     32.468
  14         -7.8     14.876     20.247
  15         -7.8      7.412     12.154
  16         -7.7     32.561     37.086
  17         -7.7     29.430     31.633
  18         -7.7      8.790     13.933
  19         -7.7      8.947     14.579
  20         -7.6     16.575     22.168
Writing output ... done.
