#################################################################
# If you used AutoDock Vina in your work, please cite:          #
#                                                               #
# O. Trott, A. J. Olson,                                        #
# AutoDock Vina: improving the speed and accuracy of docking    #
# with a new scoring function, efficient optimization and       #
# multithreading, Journal of Computational Chemistry 31 (2010)  #
# 455-461                                                       #
#                                                               #
# DOI 10.1002/jcc.21334                                         #
#                                                               #
# Please see http://vina.scripps.edu for more information.      #
#################################################################

WARNING: The search space volume > 27000 Angstrom^3 (See FAQ)
Reading input ... done.
Setting up the scoring function ... done.
Analyzing the binding site ... done.
Using random seed: -824569196
Performing search ... 
0%   10   20   30   40   50   60   70   80   90   100%
|----|----|----|----|----|----|----|----|----|----|
***************************************************
done.
Refining results ... done.

mode |   affinity | dist from best mode
     | (kcal/mol) | rmsd l.b.| rmsd u.b.
-----+------------+----------+----------
   1         -8.1      0.000      0.000
   2         -8.0     20.588     24.405
   3         -7.8     21.209     25.122
   4         -7.8      1.913      2.248
   5         -7.7     18.580     22.907
   6         -7.7     20.953     24.792
   7         -7.6     21.018     25.766
   8         -7.6     28.673     32.513
   9         -7.5     19.110     23.269
  10         -7.5     18.204     22.486
  11         -7.4     14.470     19.642
  12         -7.3     34.617     38.574
  13         -7.2     16.228     20.742
  14         -7.2     15.948     19.066
  15         -7.1     34.867     38.787
  16         -7.1     36.016     41.087
  17         -7.0     20.826     23.980
  18         -7.0     34.432     38.936
  19         -7.0     36.046     40.306
  20         -6.9     16.664     20.969
Writing output ... done.
