#################################################################
# If you used AutoDock Vina in your work, please cite:          #
#                                                               #
# O. Trott, A. J. Olson,                                        #
# AutoDock Vina: improving the speed and accuracy of docking    #
# with a new scoring function, efficient optimization and       #
# multithreading, Journal of Computational Chemistry 31 (2010)  #
# 455-461                                                       #
#                                                               #
# DOI 10.1002/jcc.21334                                         #
#                                                               #
# Please see http://vina.scripps.edu for more information.      #
#################################################################

WARNING: The search space volume > 27000 Angstrom^3 (See FAQ)
Reading input ... done.
Setting up the scoring function ... done.
Analyzing the binding site ... done.
Using random seed: 970963152
Performing search ... 
0%   10   20   30   40   50   60   70   80   90   100%
|----|----|----|----|----|----|----|----|----|----|
***************************************************
done.
Refining results ... done.

mode |   affinity | dist from best mode
     | (kcal/mol) | rmsd l.b.| rmsd u.b.
-----+------------+----------+----------
   1        -10.2      0.000      0.000
   2        -10.1      1.715      7.933
   3        -10.0      1.901      7.677
   4         -9.9      1.381      4.441
   5         -9.9      1.887      4.376
   6         -9.9      1.820      8.022
   7         -9.8      1.612      7.975
   8         -9.8      1.741      7.571
   9         -9.7      1.935      7.611
  10         -9.7      1.785      9.593
  11         -9.6     32.341     35.070
  12         -9.6      1.554     10.809
  13         -9.4      1.701      7.296
  14         -9.4      2.375      7.858
  15         -9.4      1.865      2.436
  16         -9.4      1.562      8.084
  17         -9.4      5.827     12.680
  18         -9.4      2.052      8.332
  19         -9.4      2.268      7.835
  20         -9.2      1.706     10.686
Writing output ... done.
