#################################################################
# If you used AutoDock Vina in your work, please cite:          #
#                                                               #
# O. Trott, A. J. Olson,                                        #
# AutoDock Vina: improving the speed and accuracy of docking    #
# with a new scoring function, efficient optimization and       #
# multithreading, Journal of Computational Chemistry 31 (2010)  #
# 455-461                                                       #
#                                                               #
# DOI 10.1002/jcc.21334                                         #
#                                                               #
# Please see http://vina.scripps.edu for more information.      #
#################################################################

WARNING: The search space volume > 27000 Angstrom^3 (See FAQ)
Reading input ... done.
Setting up the scoring function ... done.
Analyzing the binding site ... done.
Using random seed: -1757949192
Performing search ... 
0%   10   20   30   40   50   60   70   80   90   100%
|----|----|----|----|----|----|----|----|----|----|
***************************************************
done.
Refining results ... done.

mode |   affinity | dist from best mode
     | (kcal/mol) | rmsd l.b.| rmsd u.b.
-----+------------+----------+----------
   1         -9.2      0.000      0.000
   2         -8.7      4.370     11.176
   3         -8.7      4.275      9.792
   4         -8.6      4.931     10.219
   5         -8.6      4.719      9.864
   6         -8.5      4.777     11.386
   7         -8.4      2.351      3.605
   8         -8.4      4.648     11.291
   9         -8.3      4.920     11.237
  10         -8.3      4.892     11.112
  11         -8.2      4.284     11.239
  12         -8.1      4.633      9.768
  13         -8.0      5.077     10.499
  14         -8.0     32.922     37.365
  15         -7.8      5.197     11.141
  16         -7.7      4.862     11.263
  17         -7.7      4.518      6.593
  18         -7.7      4.417      6.521
  19         -7.7     31.012     33.365
  20         -7.5      4.599     11.011
Writing output ... done.
