#################################################################
# If you used AutoDock Vina in your work, please cite:          #
#                                                               #
# O. Trott, A. J. Olson,                                        #
# AutoDock Vina: improving the speed and accuracy of docking    #
# with a new scoring function, efficient optimization and       #
# multithreading, Journal of Computational Chemistry 31 (2010)  #
# 455-461                                                       #
#                                                               #
# DOI 10.1002/jcc.21334                                         #
#                                                               #
# Please see http://vina.scripps.edu for more information.      #
#################################################################

WARNING: The search space volume > 27000 Angstrom^3 (See FAQ)
Reading input ... done.
Setting up the scoring function ... done.
Analyzing the binding site ... done.
Using random seed: 1761441791
Performing search ... 
0%   10   20   30   40   50   60   70   80   90   100%
|----|----|----|----|----|----|----|----|----|----|
***************************************************
done.
Refining results ... done.

mode |   affinity | dist from best mode
     | (kcal/mol) | rmsd l.b.| rmsd u.b.
-----+------------+----------+----------
   1         -9.6      0.000      0.000
   2         -9.5      1.627      7.709
   3         -9.4      1.750      8.090
   4         -9.4      1.683      2.539
   5         -9.4      2.043      9.818
   6         -9.3      1.391      1.705
   7         -9.1      1.936      8.130
   8         -8.9      2.534      7.482
   9         -8.9      4.436      9.751
  10         -8.9      1.729      8.012
  11         -8.9      2.082      8.081
  12         -8.8      1.761      8.587
  13         -8.8      2.944      8.686
  14         -8.7      3.973     12.012
  15         -8.4      4.928     11.963
  16         -8.3      1.846      2.674
  17         -8.2      4.060     11.707
  18         -8.0      1.753     10.176
  19         -8.0      6.096     13.240
  20         -7.9      4.055     12.425
Writing output ... done.
