#################################################################
# If you used AutoDock Vina in your work, please cite:          #
#                                                               #
# O. Trott, A. J. Olson,                                        #
# AutoDock Vina: improving the speed and accuracy of docking    #
# with a new scoring function, efficient optimization and       #
# multithreading, Journal of Computational Chemistry 31 (2010)  #
# 455-461                                                       #
#                                                               #
# DOI 10.1002/jcc.21334                                         #
#                                                               #
# Please see http://vina.scripps.edu for more information.      #
#################################################################

WARNING: The search space volume > 27000 Angstrom^3 (See FAQ)
Reading input ... done.
Setting up the scoring function ... done.
Analyzing the binding site ... done.
Using random seed: -1281142652
Performing search ... 
0%   10   20   30   40   50   60   70   80   90   100%
|----|----|----|----|----|----|----|----|----|----|
***************************************************
done.
Refining results ... done.

mode |   affinity | dist from best mode
     | (kcal/mol) | rmsd l.b.| rmsd u.b.
-----+------------+----------+----------
   1         -8.7      0.000      0.000
   2         -7.8      2.275      8.176
   3         -7.6      1.602      8.156
   4         -7.6      1.253      7.054
   5         -7.3     22.334     25.874
   6         -7.2      2.034      7.895
   7         -7.2      1.931      8.074
   8         -7.2      2.496      5.798
   9         -7.1      1.700      4.314
  10         -7.1      1.372      8.256
  11         -7.0      1.636      7.804
  12         -7.0      5.171     11.444
  13         -6.8      6.369     10.588
  14         -6.8      1.810      7.086
  15         -6.7      5.325     10.269
  16         -6.7      6.300     11.665
  17         -6.6      6.804     10.692
  18         -6.6      6.002     11.423
  19         -6.6      5.620     10.874
  20         -6.5      5.226     12.894
Writing output ... done.
