#################################################################
# If you used AutoDock Vina in your work, please cite:          #
#                                                               #
# O. Trott, A. J. Olson,                                        #
# AutoDock Vina: improving the speed and accuracy of docking    #
# with a new scoring function, efficient optimization and       #
# multithreading, Journal of Computational Chemistry 31 (2010)  #
# 455-461                                                       #
#                                                               #
# DOI 10.1002/jcc.21334                                         #
#                                                               #
# Please see http://vina.scripps.edu for more information.      #
#################################################################

WARNING: The search space volume > 27000 Angstrom^3 (See FAQ)
Reading input ... done.
Setting up the scoring function ... done.
Analyzing the binding site ... done.
Using random seed: 6735872
Performing search ... 
0%   10   20   30   40   50   60   70   80   90   100%
|----|----|----|----|----|----|----|----|----|----|
***************************************************
done.
Refining results ... done.

mode |   affinity | dist from best mode
     | (kcal/mol) | rmsd l.b.| rmsd u.b.
-----+------------+----------+----------
   1         -7.6      0.000      0.000
   2         -7.5     21.931     27.809
   3         -7.5     20.259     26.126
   4         -7.4     23.848     28.384
   5         -7.3     31.775     36.303
   6         -7.3      6.876     12.357
   7         -7.3     10.730     17.191
   8         -7.3      6.163     10.192
   9         -7.2      5.465     10.114
  10         -7.2      5.720     10.818
  11         -7.2      5.287      9.253
  12         -7.2     30.978     35.601
  13         -7.1      4.622      9.981
  14         -7.1     23.704     29.130
  15         -7.1     23.375     29.089
  16         -7.0      5.004     10.132
  17         -7.0      5.428     11.976
  18         -7.0     22.652     27.158
  19         -7.0     23.374     28.725
  20         -6.9     22.745     28.085
Writing output ... done.
