#################################################################
# If you used AutoDock Vina in your work, please cite:          #
#                                                               #
# O. Trott, A. J. Olson,                                        #
# AutoDock Vina: improving the speed and accuracy of docking    #
# with a new scoring function, efficient optimization and       #
# multithreading, Journal of Computational Chemistry 31 (2010)  #
# 455-461                                                       #
#                                                               #
# DOI 10.1002/jcc.21334                                         #
#                                                               #
# Please see http://vina.scripps.edu for more information.      #
#################################################################

WARNING: The search space volume > 27000 Angstrom^3 (See FAQ)
Reading input ... done.
Setting up the scoring function ... done.
Analyzing the binding site ... done.
Using random seed: 1609104903
Performing search ... 
0%   10   20   30   40   50   60   70   80   90   100%
|----|----|----|----|----|----|----|----|----|----|
***************************************************
done.
Refining results ... done.

mode |   affinity | dist from best mode
     | (kcal/mol) | rmsd l.b.| rmsd u.b.
-----+------------+----------+----------
   1        -11.2      0.000      0.000
   2        -10.7     27.840     31.904
   3        -10.7      1.769      7.537
   4        -10.7     28.132     32.515
   5        -10.4      1.627      7.546
   6        -10.3     27.859     31.750
   7        -10.2     28.189     32.038
   8        -10.1      1.636      8.392
   9        -10.0     27.129     30.032
  10         -9.6      1.494      7.994
  11         -9.5      2.023     10.435
  12         -9.5      1.354     10.086
  13         -9.3     27.501     31.480
  14         -9.2      1.879      8.537
  15         -9.2      1.545      8.140
  16         -8.9      2.203      8.472
  17         -8.5     27.269     30.903
Writing output ... done.
