#################################################################
# If you used AutoDock Vina in your work, please cite:          #
#                                                               #
# O. Trott, A. J. Olson,                                        #
# AutoDock Vina: improving the speed and accuracy of docking    #
# with a new scoring function, efficient optimization and       #
# multithreading, Journal of Computational Chemistry 31 (2010)  #
# 455-461                                                       #
#                                                               #
# DOI 10.1002/jcc.21334                                         #
#                                                               #
# Please see http://vina.scripps.edu for more information.      #
#################################################################

WARNING: The search space volume > 27000 Angstrom^3 (See FAQ)
Reading input ... done.
Setting up the scoring function ... done.
Analyzing the binding site ... done.
Using random seed: -1106982658
Performing search ... 
0%   10   20   30   40   50   60   70   80   90   100%
|----|----|----|----|----|----|----|----|----|----|
***************************************************
done.
Refining results ... done.

mode |   affinity | dist from best mode
     | (kcal/mol) | rmsd l.b.| rmsd u.b.
-----+------------+----------+----------
   1         -7.1      0.000      0.000
   2         -7.0      1.906      7.921
   3         -7.0      2.153     11.209
   4         -6.9      1.762      3.470
   5         -6.9      1.319      8.323
   6         -6.9      1.798      4.066
   7         -6.8      1.376      7.413
   8         -6.7      1.331      7.372
   9         -6.7      1.616      8.146
  10         -6.6      2.272      7.823
  11         -6.6      2.020      8.374
  12         -6.5      1.962      7.871
  13         -6.4      1.733      7.471
  14         -6.4      1.825      7.316
  15         -6.4      2.143      9.121
  16         -6.4      1.536      7.702
  17         -6.4      7.428     12.489
  18         -6.3      1.919      9.677
  19         -6.3      2.502      8.670
  20         -6.3      2.006      8.808
Writing output ... done.
