#################################################################
# If you used AutoDock Vina in your work, please cite:          #
#                                                               #
# O. Trott, A. J. Olson,                                        #
# AutoDock Vina: improving the speed and accuracy of docking    #
# with a new scoring function, efficient optimization and       #
# multithreading, Journal of Computational Chemistry 31 (2010)  #
# 455-461                                                       #
#                                                               #
# DOI 10.1002/jcc.21334                                         #
#                                                               #
# Please see http://vina.scripps.edu for more information.      #
#################################################################

WARNING: The search space volume > 27000 Angstrom^3 (See FAQ)
Reading input ... done.
Setting up the scoring function ... done.
Analyzing the binding site ... done.
Using random seed: -820438472
Performing search ... 
0%   10   20   30   40   50   60   70   80   90   100%
|----|----|----|----|----|----|----|----|----|----|
***************************************************
done.
Refining results ... done.

mode |   affinity | dist from best mode
     | (kcal/mol) | rmsd l.b.| rmsd u.b.
-----+------------+----------+----------
   1         -9.9      0.000      0.000
   2         -9.8      1.553      7.329
   3         -9.0     30.179     34.013
   4         -9.0      1.859     10.266
   5         -9.0      1.905      8.128
   6         -9.0     30.246     33.958
   7         -8.9      1.851      8.616
   8         -8.9     30.415     34.046
   9         -8.7     30.500     33.585
  10         -8.5     30.355     34.117
  11         -8.5      2.427      8.076
  12         -8.3     30.528     34.840
  13         -8.2     32.781     35.691
  14         -8.1     30.782     35.000
  15         -8.1     30.241     34.081
  16         -8.1     30.326     34.046
  17         -8.0      1.923      8.921
  18         -7.9     30.407     34.318
  19         -7.8     31.110     34.773
  20         -7.7     26.735     30.571
Writing output ... done.
