#################################################################
# If you used AutoDock Vina in your work, please cite:          #
#                                                               #
# O. Trott, A. J. Olson,                                        #
# AutoDock Vina: improving the speed and accuracy of docking    #
# with a new scoring function, efficient optimization and       #
# multithreading, Journal of Computational Chemistry 31 (2010)  #
# 455-461                                                       #
#                                                               #
# DOI 10.1002/jcc.21334                                         #
#                                                               #
# Please see http://vina.scripps.edu for more information.      #
#################################################################

WARNING: The search space volume > 27000 Angstrom^3 (See FAQ)
Reading input ... done.
Setting up the scoring function ... done.
Analyzing the binding site ... done.
Using random seed: 1017219804
Performing search ... 
0%   10   20   30   40   50   60   70   80   90   100%
|----|----|----|----|----|----|----|----|----|----|
***************************************************
done.
Refining results ... done.

mode |   affinity | dist from best mode
     | (kcal/mol) | rmsd l.b.| rmsd u.b.
-----+------------+----------+----------
   1         -9.7      0.000      0.000
   2         -9.6      2.001      7.837
   3         -9.5      3.671     10.024
   4         -9.4      1.654      2.180
   5         -9.3      4.188     10.454
   6         -9.2      2.009      7.658
   7         -9.2      2.172      7.905
   8         -9.2      5.146      8.908
   9         -9.2      2.416      8.631
  10         -9.1      3.221      9.002
  11         -8.9      5.539     11.974
  12         -8.9      5.175     12.364
  13         -8.9      1.851     10.883
  14         -8.8      5.363     12.010
  15         -8.7      2.349      4.891
  16         -8.7      2.573      8.106
  17         -8.6      3.380     10.010
  18         -8.6      4.867     11.755
  19         -8.5      5.272      9.136
  20         -8.5      2.005      7.882
Writing output ... done.
