#################################################################
# If you used AutoDock Vina in your work, please cite:          #
#                                                               #
# O. Trott, A. J. Olson,                                        #
# AutoDock Vina: improving the speed and accuracy of docking    #
# with a new scoring function, efficient optimization and       #
# multithreading, Journal of Computational Chemistry 31 (2010)  #
# 455-461                                                       #
#                                                               #
# DOI 10.1002/jcc.21334                                         #
#                                                               #
# Please see http://vina.scripps.edu for more information.      #
#################################################################

WARNING: The search space volume > 27000 Angstrom^3 (See FAQ)
Reading input ... done.
Setting up the scoring function ... done.
Analyzing the binding site ... done.
Using random seed: -2082075782
Performing search ... 
0%   10   20   30   40   50   60   70   80   90   100%
|----|----|----|----|----|----|----|----|----|----|
***************************************************
done.
Refining results ... done.

mode |   affinity | dist from best mode
     | (kcal/mol) | rmsd l.b.| rmsd u.b.
-----+------------+----------+----------
   1         -7.1      0.000      0.000
   2         -6.8      3.000      8.489
   3         -6.7     21.507     26.398
   4         -6.7      2.442      3.204
   5         -6.6     21.262     25.731
   6         -6.6      2.187      2.995
   7         -6.6     21.807     26.226
   8         -6.5     21.275     25.601
   9         -6.5      2.677      8.384
  10         -6.5     16.612     20.439
  11         -6.5     21.648     26.475
  12         -6.4      2.888      3.616
  13         -6.4     16.525     20.136
  14         -6.3     16.362     18.855
  15         -6.3     15.944     20.396
  16         -6.3      4.688      9.425
  17         -6.3      2.996      5.056
  18         -6.2     17.461     21.593
  19         -6.2     22.776     27.432
  20         -6.2     21.856     26.001
Writing output ... done.
