#################################################################
# If you used AutoDock Vina in your work, please cite:          #
#                                                               #
# O. Trott, A. J. Olson,                                        #
# AutoDock Vina: improving the speed and accuracy of docking    #
# with a new scoring function, efficient optimization and       #
# multithreading, Journal of Computational Chemistry 31 (2010)  #
# 455-461                                                       #
#                                                               #
# DOI 10.1002/jcc.21334                                         #
#                                                               #
# Please see http://vina.scripps.edu for more information.      #
#################################################################

WARNING: The search space volume > 27000 Angstrom^3 (See FAQ)
Reading input ... done.
Setting up the scoring function ... done.
Analyzing the binding site ... done.
Using random seed: -563142864
Performing search ... 
0%   10   20   30   40   50   60   70   80   90   100%
|----|----|----|----|----|----|----|----|----|----|
***************************************************
done.
Refining results ... done.

mode |   affinity | dist from best mode
     | (kcal/mol) | rmsd l.b.| rmsd u.b.
-----+------------+----------+----------
   1         -9.7      0.000      0.000
   2         -9.7      1.629      9.726
   3         -9.4      1.650      8.551
   4         -9.2      3.349      7.047
   5         -9.2      4.279      7.669
   6         -9.2      4.030      7.507
   7         -8.8      3.502      7.453
   8         -8.8      1.978      9.676
   9         -8.7      2.077      9.409
  10         -8.6      1.939      8.459
  11         -8.5      1.878      9.776
  12         -8.5      3.634      7.634
  13         -8.5      1.646      8.342
  14         -8.5      1.911      7.883
  15         -8.2      4.019      9.176
  16         -8.2      4.000      9.657
  17         -8.1      2.263     10.040
  18         -8.0      4.425     10.642
  19         -7.9      2.998     11.351
  20         -7.8     33.415     35.155
Writing output ... done.
