#################################################################
# If you used AutoDock Vina in your work, please cite:          #
#                                                               #
# O. Trott, A. J. Olson,                                        #
# AutoDock Vina: improving the speed and accuracy of docking    #
# with a new scoring function, efficient optimization and       #
# multithreading, Journal of Computational Chemistry 31 (2010)  #
# 455-461                                                       #
#                                                               #
# DOI 10.1002/jcc.21334                                         #
#                                                               #
# Please see http://vina.scripps.edu for more information.      #
#################################################################

WARNING: The search space volume > 27000 Angstrom^3 (See FAQ)
Reading input ... done.
Setting up the scoring function ... done.
Analyzing the binding site ... done.
Using random seed: -1711507246
Performing search ... 
0%   10   20   30   40   50   60   70   80   90   100%
|----|----|----|----|----|----|----|----|----|----|
***************************************************
done.
Refining results ... done.

mode |   affinity | dist from best mode
     | (kcal/mol) | rmsd l.b.| rmsd u.b.
-----+------------+----------+----------
   1         -8.7      0.000      0.000
   2         -7.6     16.483     19.941
   3         -7.4      7.326     13.774
   4         -7.3     15.855     19.709
   5         -7.3      8.818     14.259
   6         -7.2     16.398     20.020
   7         -7.2      7.991     12.965
   8         -7.2     31.669     36.406
   9         -7.1     17.030     20.332
  10         -7.1     15.485     19.729
  11         -7.1     16.085     19.065
  12         -7.1     16.472     20.572
  13         -7.1      9.695     13.407
  14         -7.0     27.333     30.723
  15         -7.0     16.530     20.621
  16         -7.0      8.151     14.370
  17         -7.0      8.277     13.136
  18         -6.9     16.527     21.068
  19         -6.9     10.220     14.386
  20         -6.9     17.005     22.487
Writing output ... done.
