#################################################################
# If you used AutoDock Vina in your work, please cite:          #
#                                                               #
# O. Trott, A. J. Olson,                                        #
# AutoDock Vina: improving the speed and accuracy of docking    #
# with a new scoring function, efficient optimization and       #
# multithreading, Journal of Computational Chemistry 31 (2010)  #
# 455-461                                                       #
#                                                               #
# DOI 10.1002/jcc.21334                                         #
#                                                               #
# Please see http://vina.scripps.edu for more information.      #
#################################################################

WARNING: The search space volume > 27000 Angstrom^3 (See FAQ)
Reading input ... done.
Setting up the scoring function ... done.
Analyzing the binding site ... done.
Using random seed: -167770063
Performing search ... 
0%   10   20   30   40   50   60   70   80   90   100%
|----|----|----|----|----|----|----|----|----|----|
***************************************************
done.
Refining results ... done.

mode |   affinity | dist from best mode
     | (kcal/mol) | rmsd l.b.| rmsd u.b.
-----+------------+----------+----------
   1        -10.7      0.000      0.000
   2        -10.4      1.735      7.734
   3        -10.3     28.306     32.744
   4        -10.3      1.405      7.506
   5        -10.2      1.869      3.119
   6        -10.2     27.716     31.531
   7         -9.9     27.500     31.658
   8         -9.8     28.368     32.125
   9         -9.7      1.627      8.472
  10         -9.7     27.358     30.157
  11         -9.3      1.928     10.420
  12         -9.2      1.955      8.538
  13         -9.1      1.955      8.504
  14         -9.1      1.463      7.848
  15         -9.1      1.239      7.945
  16         -8.9      1.496      8.363
  17         -8.7      1.450      7.552
  18         -8.6      2.102     10.488
  19         -8.5      1.565     10.117
  20         -8.3      1.727      8.124
Writing output ... done.
