#################################################################
# If you used AutoDock Vina in your work, please cite:          #
#                                                               #
# O. Trott, A. J. Olson,                                        #
# AutoDock Vina: improving the speed and accuracy of docking    #
# with a new scoring function, efficient optimization and       #
# multithreading, Journal of Computational Chemistry 31 (2010)  #
# 455-461                                                       #
#                                                               #
# DOI 10.1002/jcc.21334                                         #
#                                                               #
# Please see http://vina.scripps.edu for more information.      #
#################################################################

WARNING: The search space volume > 27000 Angstrom^3 (See FAQ)
Reading input ... done.
Setting up the scoring function ... done.
Analyzing the binding site ... done.
Using random seed: -939195937
Performing search ... 
0%   10   20   30   40   50   60   70   80   90   100%
|----|----|----|----|----|----|----|----|----|----|
***************************************************
done.
Refining results ... done.

mode |   affinity | dist from best mode
     | (kcal/mol) | rmsd l.b.| rmsd u.b.
-----+------------+----------+----------
   1        -10.0      0.000      0.000
   2         -9.8      4.923     10.495
   3         -9.8      5.406     11.276
   4         -9.7      2.307      6.985
   5         -9.6      2.124      4.984
   6         -9.5      4.669      8.450
   7         -9.5      5.692      9.694
   8         -9.4      7.091     12.615
   9         -9.2      2.511      4.094
  10         -9.2      7.510     12.865
  11         -9.0      1.974      7.442
  12         -9.0      5.232     10.541
  13         -8.9      5.926     11.901
  14         -8.6      6.430     13.712
  15         -8.5     24.964     29.308
  16         -8.3     24.650     26.906
  17         -8.2     10.705     15.795
  18         -8.2     24.455     26.840
  19         -8.0     25.647     29.418
  20         -7.9     25.702     27.588
Writing output ... done.
