#################################################################
# If you used AutoDock Vina in your work, please cite:          #
#                                                               #
# O. Trott, A. J. Olson,                                        #
# AutoDock Vina: improving the speed and accuracy of docking    #
# with a new scoring function, efficient optimization and       #
# multithreading, Journal of Computational Chemistry 31 (2010)  #
# 455-461                                                       #
#                                                               #
# DOI 10.1002/jcc.21334                                         #
#                                                               #
# Please see http://vina.scripps.edu for more information.      #
#################################################################

WARNING: The search space volume > 27000 Angstrom^3 (See FAQ)
Reading input ... done.
Setting up the scoring function ... done.
Analyzing the binding site ... done.
Using random seed: 1807756376
Performing search ... 
0%   10   20   30   40   50   60   70   80   90   100%
|----|----|----|----|----|----|----|----|----|----|
***************************************************
done.
Refining results ... done.

mode |   affinity | dist from best mode
     | (kcal/mol) | rmsd l.b.| rmsd u.b.
-----+------------+----------+----------
   1         -9.8      0.000      0.000
   2         -9.6      1.614      7.841
   3         -9.5      2.483      8.163
   4         -9.5      1.861      6.949
   5         -9.3      1.428      7.633
   6         -9.2      1.484      7.798
   7         -9.2      2.154      3.656
   8         -9.2      1.803      8.458
   9         -9.1      1.808      2.652
  10         -9.1      1.796      7.638
  11         -9.1      1.451     10.769
  12         -9.0      1.940      3.583
  13         -9.0      1.614      7.846
  14         -9.0      1.432      7.721
  15         -8.9      1.792      4.799
  16         -8.8      1.789      7.947
  17         -8.7      2.507     11.058
  18         -8.6     27.742     32.091
  19         -8.6      1.690      7.534
  20         -8.6      2.021      8.292
Writing output ... done.
