#################################################################
# If you used AutoDock Vina in your work, please cite:          #
#                                                               #
# O. Trott, A. J. Olson,                                        #
# AutoDock Vina: improving the speed and accuracy of docking    #
# with a new scoring function, efficient optimization and       #
# multithreading, Journal of Computational Chemistry 31 (2010)  #
# 455-461                                                       #
#                                                               #
# DOI 10.1002/jcc.21334                                         #
#                                                               #
# Please see http://vina.scripps.edu for more information.      #
#################################################################

WARNING: The search space volume > 27000 Angstrom^3 (See FAQ)
Reading input ... done.
Setting up the scoring function ... done.
Analyzing the binding site ... done.
Using random seed: 718461322
Performing search ... 
0%   10   20   30   40   50   60   70   80   90   100%
|----|----|----|----|----|----|----|----|----|----|
***************************************************
done.
Refining results ... done.

mode |   affinity | dist from best mode
     | (kcal/mol) | rmsd l.b.| rmsd u.b.
-----+------------+----------+----------
   1         -7.9      0.000      0.000
   2         -7.9      2.065      2.586
   3         -7.8      0.809      1.002
   4         -7.7      2.672      7.884
   5         -7.6     23.218     27.400
   6         -7.5     22.994     27.747
   7         -7.5     30.786     36.479
   8         -7.3     15.320     20.340
   9         -7.3     14.631     19.178
  10         -7.2     23.484     26.331
  11         -7.2      4.386      8.229
  12         -7.1      4.303      7.244
  13         -7.1      1.985      7.451
  14         -7.0     13.114     16.484
  15         -7.0      5.620     11.380
  16         -7.0      2.493      7.422
  17         -7.0      5.067     10.698
  18         -7.0      2.618      8.232
  19         -6.9      4.054      6.652
  20         -6.9     19.595     23.511
Writing output ... done.
