#################################################################
# If you used AutoDock Vina in your work, please cite:          #
#                                                               #
# O. Trott, A. J. Olson,                                        #
# AutoDock Vina: improving the speed and accuracy of docking    #
# with a new scoring function, efficient optimization and       #
# multithreading, Journal of Computational Chemistry 31 (2010)  #
# 455-461                                                       #
#                                                               #
# DOI 10.1002/jcc.21334                                         #
#                                                               #
# Please see http://vina.scripps.edu for more information.      #
#################################################################

WARNING: The search space volume > 27000 Angstrom^3 (See FAQ)
Reading input ... done.
Setting up the scoring function ... done.
Analyzing the binding site ... done.
Using random seed: 727291712
Performing search ... 
0%   10   20   30   40   50   60   70   80   90   100%
|----|----|----|----|----|----|----|----|----|----|
***************************************************
done.
Refining results ... done.

mode |   affinity | dist from best mode
     | (kcal/mol) | rmsd l.b.| rmsd u.b.
-----+------------+----------+----------
   1         -6.0      0.000      0.000
   2         -5.9     28.816     34.762
   3         -5.9     29.166     35.165
   4         -5.8     27.419     33.758
   5         -5.8     25.984     32.639
   6         -5.8     39.103     43.436
   7         -5.7     28.850     34.370
   8         -5.7      4.374     10.559
   9         -5.7      4.308     12.427
  10         -5.7      3.336      9.405
  11         -5.7     39.816     44.016
  12         -5.7     26.099     32.385
  13         -5.7     10.825     17.284
  14         -5.6     39.718     43.513
  15         -5.6     25.995     31.658
  16         -5.6      4.227     12.321
  17         -5.6     25.198     30.542
  18         -5.5     25.195     30.813
  19         -5.5     26.689     32.209
  20         -5.4     26.279     33.517
Writing output ... done.
