#################################################################
# If you used AutoDock Vina in your work, please cite:          #
#                                                               #
# O. Trott, A. J. Olson,                                        #
# AutoDock Vina: improving the speed and accuracy of docking    #
# with a new scoring function, efficient optimization and       #
# multithreading, Journal of Computational Chemistry 31 (2010)  #
# 455-461                                                       #
#                                                               #
# DOI 10.1002/jcc.21334                                         #
#                                                               #
# Please see http://vina.scripps.edu for more information.      #
#################################################################

WARNING: The search space volume > 27000 Angstrom^3 (See FAQ)
Reading input ... done.
Setting up the scoring function ... done.
Analyzing the binding site ... done.
Using random seed: 1419102100
Performing search ... 
0%   10   20   30   40   50   60   70   80   90   100%
|----|----|----|----|----|----|----|----|----|----|
***************************************************
done.
Refining results ... done.

mode |   affinity | dist from best mode
     | (kcal/mol) | rmsd l.b.| rmsd u.b.
-----+------------+----------+----------
   1         -8.2      0.000      0.000
   2         -7.8     23.147     26.407
   3         -7.6     21.262     24.862
   4         -7.5      2.041      7.435
   5         -7.5      2.228      6.899
   6         -7.5     22.843     26.176
   7         -7.4     22.381     26.270
   8         -7.3      2.445      9.158
   9         -7.2      2.445      7.125
  10         -7.2     17.960     20.632
  11         -7.1     22.005     25.616
  12         -7.1     18.656     22.551
  13         -7.1     19.416     22.779
  14         -7.0     18.780     21.366
  15         -7.0     21.475     25.149
  16         -7.0     18.130     21.691
  17         -7.0     23.359     27.090
  18         -6.9      8.052     11.748
  19         -6.8     19.402     22.879
  20         -6.8     22.494     26.279
Writing output ... done.
