#################################################################
# If you used AutoDock Vina in your work, please cite:          #
#                                                               #
# O. Trott, A. J. Olson,                                        #
# AutoDock Vina: improving the speed and accuracy of docking    #
# with a new scoring function, efficient optimization and       #
# multithreading, Journal of Computational Chemistry 31 (2010)  #
# 455-461                                                       #
#                                                               #
# DOI 10.1002/jcc.21334                                         #
#                                                               #
# Please see http://vina.scripps.edu for more information.      #
#################################################################

WARNING: The search space volume > 27000 Angstrom^3 (See FAQ)
Reading input ... done.
Setting up the scoring function ... done.
Analyzing the binding site ... done.
Using random seed: 362438688
Performing search ... 
0%   10   20   30   40   50   60   70   80   90   100%
|----|----|----|----|----|----|----|----|----|----|
***************************************************
done.
Refining results ... done.

mode |   affinity | dist from best mode
     | (kcal/mol) | rmsd l.b.| rmsd u.b.
-----+------------+----------+----------
   1         -9.8      0.000      0.000
   2         -9.7     31.675     34.977
   3         -9.7      3.896      8.366
   4         -9.6     31.379     34.706
   5         -9.5     31.275     33.874
   6         -9.4     31.208     33.878
   7         -9.3     31.404     34.585
   8         -9.2     30.579     34.321
   9         -9.1     31.636     34.033
  10         -9.1      2.191      7.699
  11         -9.0      1.657      7.165
  12         -8.9      3.714      8.666
  13         -8.9     31.405     34.739
  14         -8.9      2.787      7.557
  15         -8.9      2.419      7.099
  16         -8.8      2.393      7.933
  17         -8.8      2.587      7.560
  18         -8.7     30.740     33.224
  19         -8.7      2.477      8.675
  20         -8.6      3.539      8.761
Writing output ... done.
