#################################################################
# If you used AutoDock Vina in your work, please cite:          #
#                                                               #
# O. Trott, A. J. Olson,                                        #
# AutoDock Vina: improving the speed and accuracy of docking    #
# with a new scoring function, efficient optimization and       #
# multithreading, Journal of Computational Chemistry 31 (2010)  #
# 455-461                                                       #
#                                                               #
# DOI 10.1002/jcc.21334                                         #
#                                                               #
# Please see http://vina.scripps.edu for more information.      #
#################################################################

WARNING: The search space volume > 27000 Angstrom^3 (See FAQ)
Reading input ... done.
Setting up the scoring function ... done.
Analyzing the binding site ... done.
Using random seed: -408207584
Performing search ... 
0%   10   20   30   40   50   60   70   80   90   100%
|----|----|----|----|----|----|----|----|----|----|
***************************************************
done.
Refining results ... done.

mode |   affinity | dist from best mode
     | (kcal/mol) | rmsd l.b.| rmsd u.b.
-----+------------+----------+----------
   1        -10.0      0.000      0.000
   2         -9.9      1.745      7.685
   3         -9.7      1.516      2.086
   4         -9.7      1.376      1.793
   5         -9.6      1.939      7.668
   6         -9.6     32.856     34.901
   7         -9.5      2.174      7.808
   8         -9.5      5.672     11.181
   9         -9.4      1.891      7.455
  10         -9.4      1.728      8.024
  11         -9.4      1.830      7.865
  12         -9.3      1.939      7.842
  13         -9.3     32.267     34.319
  14         -9.3      1.961      3.306
  15         -9.2      1.869     10.458
  16         -9.1      1.830      6.927
  17         -9.1      2.184      8.398
  18         -9.1      2.068      6.027
  19         -9.1      1.982      6.206
  20         -8.8      2.467      7.786
Writing output ... done.
