#################################################################
# If you used AutoDock Vina in your work, please cite:          #
#                                                               #
# O. Trott, A. J. Olson,                                        #
# AutoDock Vina: improving the speed and accuracy of docking    #
# with a new scoring function, efficient optimization and       #
# multithreading, Journal of Computational Chemistry 31 (2010)  #
# 455-461                                                       #
#                                                               #
# DOI 10.1002/jcc.21334                                         #
#                                                               #
# Please see http://vina.scripps.edu for more information.      #
#################################################################

WARNING: The search space volume > 27000 Angstrom^3 (See FAQ)
Reading input ... done.
Setting up the scoring function ... done.
Analyzing the binding site ... done.
Using random seed: -1105280919
Performing search ... 
0%   10   20   30   40   50   60   70   80   90   100%
|----|----|----|----|----|----|----|----|----|----|
***************************************************
done.
Refining results ... done.

mode |   affinity | dist from best mode
     | (kcal/mol) | rmsd l.b.| rmsd u.b.
-----+------------+----------+----------
   1         -9.9      0.000      0.000
   2         -9.7      2.720      8.098
   3         -9.6      2.187      7.095
   4         -9.5      4.225     10.927
   5         -9.4      2.760      9.800
   6         -9.3      1.727      6.896
   7         -9.2      4.010      8.757
   8         -8.9      2.213      8.234
   9         -8.7      5.270     10.382
  10         -8.7      2.791      9.178
  11         -8.6      2.095      8.231
  12         -8.6      4.551     11.392
  13         -8.3      5.128      9.942
  14         -8.2      2.993      9.082
  15         -8.1      4.636      7.924
  16         -8.1      3.905      6.018
  17         -8.0      6.085     11.140
  18         -8.0      7.225     12.480
  19         -7.9      2.860      8.932
  20         -7.7     28.052     33.979
Writing output ... done.
