#################################################################
# If you used AutoDock Vina in your work, please cite:          #
#                                                               #
# O. Trott, A. J. Olson,                                        #
# AutoDock Vina: improving the speed and accuracy of docking    #
# with a new scoring function, efficient optimization and       #
# multithreading, Journal of Computational Chemistry 31 (2010)  #
# 455-461                                                       #
#                                                               #
# DOI 10.1002/jcc.21334                                         #
#                                                               #
# Please see http://vina.scripps.edu for more information.      #
#################################################################

WARNING: The search space volume > 27000 Angstrom^3 (See FAQ)
Reading input ... done.
Setting up the scoring function ... done.
Analyzing the binding site ... done.
Using random seed: 1707138432
Performing search ... 
0%   10   20   30   40   50   60   70   80   90   100%
|----|----|----|----|----|----|----|----|----|----|
***************************************************
done.
Refining results ... done.

mode |   affinity | dist from best mode
     | (kcal/mol) | rmsd l.b.| rmsd u.b.
-----+------------+----------+----------
   1         -6.3      0.000      0.000
   2         -6.3      1.817      4.445
   3         -6.3      2.034      2.876
   4         -6.3      1.971      7.775
   5         -6.2      2.102      7.777
   6         -6.2      2.760      8.885
   7         -6.1     17.565     23.449
   8         -6.1     14.804     21.743
   9         -6.1     16.136     21.455
  10         -6.1     16.492     23.708
  11         -6.1      1.961      2.898
  12         -6.1     15.374     20.977
  13         -6.0     16.384     22.443
  14         -6.0      2.121     10.611
  15         -6.0      1.598      2.368
  16         -6.0     15.616     22.769
  17         -6.0     14.869     20.854
  18         -6.0     15.241     22.203
  19         -5.9      2.208      5.256
  20         -5.9      2.635      8.199
Writing output ... done.
