#################################################################
# If you used AutoDock Vina in your work, please cite:          #
#                                                               #
# O. Trott, A. J. Olson,                                        #
# AutoDock Vina: improving the speed and accuracy of docking    #
# with a new scoring function, efficient optimization and       #
# multithreading, Journal of Computational Chemistry 31 (2010)  #
# 455-461                                                       #
#                                                               #
# DOI 10.1002/jcc.21334                                         #
#                                                               #
# Please see http://vina.scripps.edu for more information.      #
#################################################################

WARNING: The search space volume > 27000 Angstrom^3 (See FAQ)
Reading input ... done.
Setting up the scoring function ... done.
Analyzing the binding site ... done.
Using random seed: 2140266185
Performing search ... 
0%   10   20   30   40   50   60   70   80   90   100%
|----|----|----|----|----|----|----|----|----|----|
***************************************************
done.
Refining results ... done.

mode |   affinity | dist from best mode
     | (kcal/mol) | rmsd l.b.| rmsd u.b.
-----+------------+----------+----------
   1         -8.1      0.000      0.000
   2         -7.9     15.428     20.767
   3         -7.8     15.887     20.091
   4         -7.8     14.171     19.339
   5         -7.8     25.349     28.874
   6         -7.8     15.470     20.975
   7         -7.7      6.785     12.029
   8         -7.6     14.466     19.880
   9         -7.5     14.394     19.998
  10         -7.4     16.514     22.314
  11         -7.3     29.586     32.090
  12         -7.2      4.071     11.349
  13         -7.1     24.762     28.337
  14         -7.1     14.071     19.080
  15         -7.1     29.781     33.026
  16         -7.1     29.425     31.163
  17         -7.0      2.167      7.233
  18         -7.0      1.746      2.074
  19         -7.0      3.902      8.661
  20         -6.9     21.604     26.024
Writing output ... done.
