#################################################################
# If you used AutoDock Vina in your work, please cite:          #
#                                                               #
# O. Trott, A. J. Olson,                                        #
# AutoDock Vina: improving the speed and accuracy of docking    #
# with a new scoring function, efficient optimization and       #
# multithreading, Journal of Computational Chemistry 31 (2010)  #
# 455-461                                                       #
#                                                               #
# DOI 10.1002/jcc.21334                                         #
#                                                               #
# Please see http://vina.scripps.edu for more information.      #
#################################################################

WARNING: The search space volume > 27000 Angstrom^3 (See FAQ)
Reading input ... done.
Setting up the scoring function ... done.
Analyzing the binding site ... done.
Using random seed: 1810327280
Performing search ... 
0%   10   20   30   40   50   60   70   80   90   100%
|----|----|----|----|----|----|----|----|----|----|
***************************************************
done.
Refining results ... done.

mode |   affinity | dist from best mode
     | (kcal/mol) | rmsd l.b.| rmsd u.b.
-----+------------+----------+----------
   1         -9.9      0.000      0.000
   2         -9.6      1.819      6.773
   3         -9.5      1.820      2.119
   4         -9.3      2.808      4.093
   5         -9.2      2.555      6.974
   6         -9.2      3.017      7.931
   7         -9.1      4.408      6.634
   8         -9.0      2.734      9.881
   9         -8.9      2.063      2.518
  10         -8.7      3.183      8.107
  11         -8.7      2.809      7.315
  12         -8.6      4.185      6.674
  13         -8.6     26.030     29.659
  14         -8.6      2.815      9.389
  15         -8.6      4.085      9.038
  16         -8.5      2.326      6.561
  17         -8.2     25.632     28.780
  18         -8.1      4.086      7.689
  19         -8.0      2.811      8.180
  20         -8.0      3.684      8.747
Writing output ... done.
