#################################################################
# If you used AutoDock Vina in your work, please cite:          #
#                                                               #
# O. Trott, A. J. Olson,                                        #
# AutoDock Vina: improving the speed and accuracy of docking    #
# with a new scoring function, efficient optimization and       #
# multithreading, Journal of Computational Chemistry 31 (2010)  #
# 455-461                                                       #
#                                                               #
# DOI 10.1002/jcc.21334                                         #
#                                                               #
# Please see http://vina.scripps.edu for more information.      #
#################################################################

WARNING: The search space volume > 27000 Angstrom^3 (See FAQ)
Reading input ... done.
Setting up the scoring function ... done.
Analyzing the binding site ... done.
Using random seed: 441998035
Performing search ... 
0%   10   20   30   40   50   60   70   80   90   100%
|----|----|----|----|----|----|----|----|----|----|
***************************************************
done.
Refining results ... done.

mode |   affinity | dist from best mode
     | (kcal/mol) | rmsd l.b.| rmsd u.b.
-----+------------+----------+----------
   1         -8.1      0.000      0.000
   2         -8.0      1.861      2.165
   3         -7.8     12.885     19.623
   4         -7.6      2.067      7.298
   5         -7.6      3.382     10.782
   6         -7.5      2.455      5.503
   7         -7.5      6.760     11.734
   8         -7.5      2.276      7.856
   9         -7.5      2.646      4.969
  10         -7.4      2.791      7.886
  11         -7.4      1.842      7.522
  12         -7.3      2.719      8.490
  13         -7.3      2.653      5.553
  14         -7.3     13.410     19.219
  15         -7.2      2.052      7.216
  16         -7.2      2.291      7.635
  17         -7.2     14.375     18.137
  18         -7.2      1.468      7.571
  19         -7.2     23.342     28.737
  20         -7.1      2.541      7.674
Writing output ... done.
