#################################################################
# If you used AutoDock Vina in your work, please cite:          #
#                                                               #
# O. Trott, A. J. Olson,                                        #
# AutoDock Vina: improving the speed and accuracy of docking    #
# with a new scoring function, efficient optimization and       #
# multithreading, Journal of Computational Chemistry 31 (2010)  #
# 455-461                                                       #
#                                                               #
# DOI 10.1002/jcc.21334                                         #
#                                                               #
# Please see http://vina.scripps.edu for more information.      #
#################################################################

WARNING: The search space volume > 27000 Angstrom^3 (See FAQ)
Reading input ... done.
Setting up the scoring function ... done.
Analyzing the binding site ... done.
Using random seed: -1143703518
Performing search ... 
0%   10   20   30   40   50   60   70   80   90   100%
|----|----|----|----|----|----|----|----|----|----|
***************************************************
done.
Refining results ... done.

mode |   affinity | dist from best mode
     | (kcal/mol) | rmsd l.b.| rmsd u.b.
-----+------------+----------+----------
   1         -8.7      0.000      0.000
   2         -7.9     24.763     28.239
   3         -7.7      1.062      7.096
   4         -7.7      2.406      8.068
   5         -7.5     21.054     25.573
   6         -7.3      1.993      7.780
   7         -7.2      2.102      7.749
   8         -7.0      1.688      4.345
   9         -7.0      1.413      8.254
  10         -7.0      6.479     10.718
  11         -6.8      6.216     11.427
  12         -6.8      5.104     11.433
  13         -6.8      1.884      7.396
  14         -6.8      1.759      7.124
  15         -6.8      2.103      8.022
  16         -6.8      3.537      9.765
  17         -6.7      5.961     11.356
  18         -6.6      1.929      7.799
  19         -6.6      5.698     11.466
  20         -6.5      5.625     11.211
Writing output ... done.
