#################################################################
# If you used AutoDock Vina in your work, please cite:          #
#                                                               #
# O. Trott, A. J. Olson,                                        #
# AutoDock Vina: improving the speed and accuracy of docking    #
# with a new scoring function, efficient optimization and       #
# multithreading, Journal of Computational Chemistry 31 (2010)  #
# 455-461                                                       #
#                                                               #
# DOI 10.1002/jcc.21334                                         #
#                                                               #
# Please see http://vina.scripps.edu for more information.      #
#################################################################

WARNING: The search space volume > 27000 Angstrom^3 (See FAQ)
Reading input ... done.
Setting up the scoring function ... done.
Analyzing the binding site ... done.
Using random seed: 1874753264
Performing search ... 
0%   10   20   30   40   50   60   70   80   90   100%
|----|----|----|----|----|----|----|----|----|----|
***************************************************
done.
Refining results ... done.

mode |   affinity | dist from best mode
     | (kcal/mol) | rmsd l.b.| rmsd u.b.
-----+------------+----------+----------
   1        -10.5      0.000      0.000
   2        -10.3      1.215      1.565
   3        -10.2      1.857      5.983
   4        -10.2      1.932      7.967
   5        -10.1      1.646      7.501
   6        -10.1      1.705      7.466
   7        -10.0      1.616      1.985
   8         -9.8      2.893      5.371
   9         -9.8      1.510      7.686
  10         -9.7      1.923     10.358
  11         -9.7      1.559      7.910
  12         -9.6      3.155      7.613
  13         -9.6      1.436      7.808
  14         -9.6      1.742      7.974
  15         -9.5      2.022      5.483
  16         -9.5      1.936      7.886
  17         -9.2      1.733      7.691
  18         -9.2      2.950      8.749
  19         -9.1      1.761      7.869
  20         -9.1      2.256      5.892
Writing output ... done.
