#################################################################
# If you used AutoDock Vina in your work, please cite:          #
#                                                               #
# O. Trott, A. J. Olson,                                        #
# AutoDock Vina: improving the speed and accuracy of docking    #
# with a new scoring function, efficient optimization and       #
# multithreading, Journal of Computational Chemistry 31 (2010)  #
# 455-461                                                       #
#                                                               #
# DOI 10.1002/jcc.21334                                         #
#                                                               #
# Please see http://vina.scripps.edu for more information.      #
#################################################################

WARNING: The search space volume > 27000 Angstrom^3 (See FAQ)
Reading input ... done.
Setting up the scoring function ... done.
Analyzing the binding site ... done.
Using random seed: 253457604
Performing search ... 
0%   10   20   30   40   50   60   70   80   90   100%
|----|----|----|----|----|----|----|----|----|----|
***************************************************
done.
Refining results ... done.

mode |   affinity | dist from best mode
     | (kcal/mol) | rmsd l.b.| rmsd u.b.
-----+------------+----------+----------
   1         -6.9      0.000      0.000
   2         -6.6      4.441      9.548
   3         -6.3     14.765     19.150
   4         -6.3     23.723     28.050
   5         -6.3     23.376     27.770
   6         -6.3      4.336     10.511
   7         -6.3      5.821      8.895
   8         -6.3     22.668     27.434
   9         -6.2      5.506      8.382
  10         -6.2      5.460     10.914
  11         -6.2     14.971     18.209
  12         -6.1     21.324     27.732
  13         -6.1     21.579     26.322
  14         -6.1     34.761     38.362
  15         -6.1      5.876     11.291
  16         -6.1     34.506     37.539
  17         -6.1     27.837     31.322
  18         -6.0     23.805     29.027
  19         -6.0      5.768     11.270
  20         -6.0     23.302     28.863
Writing output ... done.
