#################################################################
# If you used AutoDock Vina in your work, please cite:          #
#                                                               #
# O. Trott, A. J. Olson,                                        #
# AutoDock Vina: improving the speed and accuracy of docking    #
# with a new scoring function, efficient optimization and       #
# multithreading, Journal of Computational Chemistry 31 (2010)  #
# 455-461                                                       #
#                                                               #
# DOI 10.1002/jcc.21334                                         #
#                                                               #
# Please see http://vina.scripps.edu for more information.      #
#################################################################

WARNING: The search space volume > 27000 Angstrom^3 (See FAQ)
Reading input ... done.
Setting up the scoring function ... done.
Analyzing the binding site ... done.
Using random seed: -1781588480
Performing search ... 
0%   10   20   30   40   50   60   70   80   90   100%
|----|----|----|----|----|----|----|----|----|----|
***************************************************
done.
Refining results ... done.

mode |   affinity | dist from best mode
     | (kcal/mol) | rmsd l.b.| rmsd u.b.
-----+------------+----------+----------
   1         -7.1      0.000      0.000
   2         -6.9     29.054     32.427
   3         -6.8     29.064     32.832
   4         -6.7     29.883     33.085
   5         -6.7     30.090     33.579
   6         -6.7     29.725     33.939
   7         -6.7     29.381     32.793
   8         -6.6     30.093     33.563
   9         -6.6     30.154     32.332
  10         -6.6     28.931     31.654
  11         -6.6     30.478     33.752
  12         -6.5     30.183     33.593
  13         -6.5     30.354     33.221
  14         -6.5     29.206     32.098
  15         -6.4     30.285     32.880
  16         -6.4     28.940     32.356
  17         -6.4     29.922     33.832
  18         -6.4     30.018     32.754
  19         -6.3     29.799     33.525
  20         -6.2     30.144     33.245
Writing output ... done.
