#################################################################
# If you used AutoDock Vina in your work, please cite:          #
#                                                               #
# O. Trott, A. J. Olson,                                        #
# AutoDock Vina: improving the speed and accuracy of docking    #
# with a new scoring function, efficient optimization and       #
# multithreading, Journal of Computational Chemistry 31 (2010)  #
# 455-461                                                       #
#                                                               #
# DOI 10.1002/jcc.21334                                         #
#                                                               #
# Please see http://vina.scripps.edu for more information.      #
#################################################################

WARNING: The search space volume > 27000 Angstrom^3 (See FAQ)
Reading input ... done.
Setting up the scoring function ... done.
Analyzing the binding site ... done.
Using random seed: 691875840
Performing search ... 
0%   10   20   30   40   50   60   70   80   90   100%
|----|----|----|----|----|----|----|----|----|----|
***************************************************
done.
Refining results ... done.

mode |   affinity | dist from best mode
     | (kcal/mol) | rmsd l.b.| rmsd u.b.
-----+------------+----------+----------
   1        -10.8      0.000      0.000
   2        -10.7      2.470      7.049
   3        -10.5      2.488      8.797
   4        -10.4      1.455      1.621
   5        -10.3      2.220      8.390
   6        -10.2      2.395      8.025
   7         -9.7      3.037      7.877
   8         -9.6      2.973      9.875
   9         -9.5      3.404      8.164
  10         -9.3      4.518      8.066
  11         -9.3      2.467      8.073
  12         -8.6      3.259      7.951
  13         -8.6      5.685     10.675
  14         -8.6      3.755      8.987
  15         -8.6      4.856     10.175
  16         -8.5      3.065      8.251
  17         -8.4      5.377     10.505
  18         -8.4      5.116     11.418
  19         -8.3      5.812     12.670
  20         -8.3      5.105     10.290
Writing output ... done.
