#################################################################
# If you used AutoDock Vina in your work, please cite:          #
#                                                               #
# O. Trott, A. J. Olson,                                        #
# AutoDock Vina: improving the speed and accuracy of docking    #
# with a new scoring function, efficient optimization and       #
# multithreading, Journal of Computational Chemistry 31 (2010)  #
# 455-461                                                       #
#                                                               #
# DOI 10.1002/jcc.21334                                         #
#                                                               #
# Please see http://vina.scripps.edu for more information.      #
#################################################################

WARNING: The search space volume > 27000 Angstrom^3 (See FAQ)
Reading input ... done.
Setting up the scoring function ... done.
Analyzing the binding site ... done.
Using random seed: 996717721
Performing search ... 
0%   10   20   30   40   50   60   70   80   90   100%
|----|----|----|----|----|----|----|----|----|----|
***************************************************
done.
Refining results ... done.

mode |   affinity | dist from best mode
     | (kcal/mol) | rmsd l.b.| rmsd u.b.
-----+------------+----------+----------
   1         -7.2      0.000      0.000
   2         -7.1      1.452      1.832
   3         -7.1      1.983      7.828
   4         -7.1      1.430      8.217
   5         -7.0      2.132     11.246
   6         -7.0      1.469      7.443
   7         -6.9      1.575      8.399
   8         -6.8      1.757      4.074
   9         -6.8      1.743      8.036
  10         -6.7      1.671      7.438
  11         -6.7      1.899      8.839
  12         -6.7      1.960      8.812
  13         -6.6      1.558      8.329
  14         -6.6      1.683      7.422
  15         -6.6      1.249      7.471
  16         -6.5      1.592      8.249
  17         -6.5      2.301      7.901
  18         -6.5      1.711      8.102
  19         -6.5      1.786      7.633
  20         -6.4      1.935     10.811
Writing output ... done.
