#################################################################
# If you used AutoDock Vina in your work, please cite:          #
#                                                               #
# O. Trott, A. J. Olson,                                        #
# AutoDock Vina: improving the speed and accuracy of docking    #
# with a new scoring function, efficient optimization and       #
# multithreading, Journal of Computational Chemistry 31 (2010)  #
# 455-461                                                       #
#                                                               #
# DOI 10.1002/jcc.21334                                         #
#                                                               #
# Please see http://vina.scripps.edu for more information.      #
#################################################################

WARNING: The search space volume > 27000 Angstrom^3 (See FAQ)
Reading input ... done.
Setting up the scoring function ... done.
Analyzing the binding site ... done.
Using random seed: -1198498384
Performing search ... 
0%   10   20   30   40   50   60   70   80   90   100%
|----|----|----|----|----|----|----|----|----|----|
***************************************************
done.
Refining results ... done.

mode |   affinity | dist from best mode
     | (kcal/mol) | rmsd l.b.| rmsd u.b.
-----+------------+----------+----------
   1        -10.0      0.000      0.000
   2         -9.8      1.084      1.463
   3         -9.8      1.838      7.281
   4         -9.8      1.703      7.707
   5         -9.7      1.143      1.650
   6         -9.7      1.544      2.799
   7         -9.6      1.440      7.969
   8         -9.5     32.734     34.785
   9         -9.5      1.861      8.129
  10         -9.5      2.244      8.048
  11         -9.5      1.954      7.732
  12         -9.4      2.318      7.901
  13         -9.2      2.165      8.427
  14         -9.2      1.931      5.980
  15         -9.1      2.002      2.553
  16         -9.0      2.087      7.345
  17         -9.0      1.926      6.082
  18         -9.0      2.184      7.675
  19         -9.0      1.973     10.712
  20         -8.9      2.495      8.097
Writing output ... done.
