#################################################################
# If you used AutoDock Vina in your work, please cite:          #
#                                                               #
# O. Trott, A. J. Olson,                                        #
# AutoDock Vina: improving the speed and accuracy of docking    #
# with a new scoring function, efficient optimization and       #
# multithreading, Journal of Computational Chemistry 31 (2010)  #
# 455-461                                                       #
#                                                               #
# DOI 10.1002/jcc.21334                                         #
#                                                               #
# Please see http://vina.scripps.edu for more information.      #
#################################################################

WARNING: The search space volume > 27000 Angstrom^3 (See FAQ)
Reading input ... done.
Setting up the scoring function ... done.
Analyzing the binding site ... done.
Using random seed: 1785291136
Performing search ... 
0%   10   20   30   40   50   60   70   80   90   100%
|----|----|----|----|----|----|----|----|----|----|
***************************************************
done.
Refining results ... done.

mode |   affinity | dist from best mode
     | (kcal/mol) | rmsd l.b.| rmsd u.b.
-----+------------+----------+----------
   1         -7.4      0.000      0.000
   2         -7.4     22.286     28.097
   3         -7.4      1.940      2.473
   4         -7.3     29.050     32.598
   5         -7.3     13.552     19.917
   6         -7.3     21.479     27.253
   7         -7.2     17.608     23.914
   8         -7.2     13.069     18.800
   9         -7.1      4.623      9.538
  10         -7.0      4.562      9.720
  11         -6.9     17.167     22.578
  12         -6.9     30.004     33.259
  13         -6.9     30.209     33.967
  14         -6.9      1.762      7.144
  15         -6.9     15.317     21.892
  16         -6.9      4.707      9.750
  17         -6.9     14.241     20.938
  18         -6.9      4.149      7.792
  19         -6.8     15.694     21.101
  20         -6.8     16.226     21.831
Writing output ... done.
