#################################################################
# If you used AutoDock Vina in your work, please cite:          #
#                                                               #
# O. Trott, A. J. Olson,                                        #
# AutoDock Vina: improving the speed and accuracy of docking    #
# with a new scoring function, efficient optimization and       #
# multithreading, Journal of Computational Chemistry 31 (2010)  #
# 455-461                                                       #
#                                                               #
# DOI 10.1002/jcc.21334                                         #
#                                                               #
# Please see http://vina.scripps.edu for more information.      #
#################################################################

WARNING: The search space volume > 27000 Angstrom^3 (See FAQ)
Reading input ... done.
Setting up the scoring function ... done.
Analyzing the binding site ... done.
Using random seed: -1159471061
Performing search ... 
0%   10   20   30   40   50   60   70   80   90   100%
|----|----|----|----|----|----|----|----|----|----|
***************************************************
done.
Refining results ... done.

mode |   affinity | dist from best mode
     | (kcal/mol) | rmsd l.b.| rmsd u.b.
-----+------------+----------+----------
   1         -9.4      0.000      0.000
   2         -9.2      1.688      7.390
   3         -9.0      1.576      9.700
   4         -8.9      1.688      7.323
   5         -8.8      1.832      8.291
   6         -8.7      1.532      2.511
   7         -8.6      1.418      7.523
   8         -8.4      4.189     12.442
   9         -8.4      1.896      3.141
  10         -8.4      4.633     12.006
  11         -8.3      4.302     10.124
  12         -8.2      4.074      9.969
  13         -8.0      1.826      3.861
  14         -7.9      2.012      7.695
  15         -7.9      4.552     10.547
  16         -7.8      2.143     10.308
  17         -7.8      4.958     10.423
  18         -7.8      4.258     10.262
  19         -7.7      5.935     11.802
  20         -7.6      2.433      4.460
Writing output ... done.
