#################################################################
# If you used AutoDock Vina in your work, please cite:          #
#                                                               #
# O. Trott, A. J. Olson,                                        #
# AutoDock Vina: improving the speed and accuracy of docking    #
# with a new scoring function, efficient optimization and       #
# multithreading, Journal of Computational Chemistry 31 (2010)  #
# 455-461                                                       #
#                                                               #
# DOI 10.1002/jcc.21334                                         #
#                                                               #
# Please see http://vina.scripps.edu for more information.      #
#################################################################

WARNING: The search space volume > 27000 Angstrom^3 (See FAQ)
Reading input ... done.
Setting up the scoring function ... done.
Analyzing the binding site ... done.
Using random seed: -145986998
Performing search ... 
0%   10   20   30   40   50   60   70   80   90   100%
|----|----|----|----|----|----|----|----|----|----|
***************************************************
done.
Refining results ... done.

mode |   affinity | dist from best mode
     | (kcal/mol) | rmsd l.b.| rmsd u.b.
-----+------------+----------+----------
   1         -9.6      0.000      0.000
   2         -9.4      1.984      7.903
   3         -8.9      3.057      6.959
   4         -8.8      2.992      8.695
   5         -8.8      1.605      2.118
   6         -8.7      4.195     10.291
   7         -8.7      1.709      7.774
   8         -8.6      4.381      9.568
   9         -8.6      4.677     12.490
  10         -8.5      4.791      9.162
  11         -8.4      2.822      8.904
  12         -8.4      1.784      8.149
  13         -8.4      2.706      5.708
  14         -8.4      5.860     13.578
  15         -8.3      5.839     12.142
  16         -8.3      1.948      7.982
  17         -8.3      4.073      9.678
  18         -8.3      3.090     11.807
  19         -8.2      1.709      7.893
  20         -8.2      4.541     10.423
Writing output ... done.
