#################################################################
# If you used AutoDock Vina in your work, please cite:          #
#                                                               #
# O. Trott, A. J. Olson,                                        #
# AutoDock Vina: improving the speed and accuracy of docking    #
# with a new scoring function, efficient optimization and       #
# multithreading, Journal of Computational Chemistry 31 (2010)  #
# 455-461                                                       #
#                                                               #
# DOI 10.1002/jcc.21334                                         #
#                                                               #
# Please see http://vina.scripps.edu for more information.      #
#################################################################

WARNING: The search space volume > 27000 Angstrom^3 (See FAQ)
Reading input ... done.
Setting up the scoring function ... done.
Analyzing the binding site ... done.
Using random seed: 75119488
Performing search ... 
0%   10   20   30   40   50   60   70   80   90   100%
|----|----|----|----|----|----|----|----|----|----|
***************************************************
done.
Refining results ... done.

mode |   affinity | dist from best mode
     | (kcal/mol) | rmsd l.b.| rmsd u.b.
-----+------------+----------+----------
   1        -10.4      0.000      0.000
   2        -10.4      1.206      1.390
   3        -10.0      2.626      4.192
   4         -9.7     29.109     31.681
   5         -9.6      3.231      5.804
   6         -9.5     29.584     32.206
   7         -9.5     31.254     33.677
   8         -9.5     29.070     31.580
   9         -9.4     31.360     33.779
  10         -9.4     28.870     31.215
  11         -9.4     29.640     31.878
  12         -9.3     29.647     32.448
  13         -9.2     29.980     32.442
  14         -9.2     31.013     33.291
  15         -9.2     29.304     31.760
  16         -9.1     30.978     33.499
  17         -9.1      2.431      7.673
  18         -9.1     29.724     31.812
  19         -9.0     28.386     30.233
  20         -8.9     29.060     30.962
Writing output ... done.
