#################################################################
# If you used AutoDock Vina in your work, please cite:          #
#                                                               #
# O. Trott, A. J. Olson,                                        #
# AutoDock Vina: improving the speed and accuracy of docking    #
# with a new scoring function, efficient optimization and       #
# multithreading, Journal of Computational Chemistry 31 (2010)  #
# 455-461                                                       #
#                                                               #
# DOI 10.1002/jcc.21334                                         #
#                                                               #
# Please see http://vina.scripps.edu for more information.      #
#################################################################

WARNING: The search space volume > 27000 Angstrom^3 (See FAQ)
Reading input ... done.
Setting up the scoring function ... done.
Analyzing the binding site ... done.
Using random seed: -634649759
Performing search ... 
0%   10   20   30   40   50   60   70   80   90   100%
|----|----|----|----|----|----|----|----|----|----|
***************************************************
done.
Refining results ... done.

mode |   affinity | dist from best mode
     | (kcal/mol) | rmsd l.b.| rmsd u.b.
-----+------------+----------+----------
   1         -9.0      0.000      0.000
   2         -8.5      2.533      8.540
   3         -7.8      2.498      9.118
   4         -7.7      2.425      6.269
   5         -7.6      7.114     12.601
   6         -7.4      6.483     11.336
   7         -7.4     19.731     21.762
   8         -7.4     20.480     22.875
   9         -7.3     22.581     25.955
  10         -7.3     15.955     17.740
  11         -7.3     21.090     22.967
  12         -7.3     21.042     24.045
  13         -7.2      6.214     12.276
  14         -7.2     21.973     26.057
  15         -7.2      7.961     13.510
  16         -7.2     22.228     24.956
  17         -7.1      5.318     13.466
  18         -7.1      6.271     11.280
  19         -7.1     23.144     26.067
  20         -7.1      6.508     11.996
Writing output ... done.
