#################################################################
# If you used AutoDock Vina in your work, please cite:          #
#                                                               #
# O. Trott, A. J. Olson,                                        #
# AutoDock Vina: improving the speed and accuracy of docking    #
# with a new scoring function, efficient optimization and       #
# multithreading, Journal of Computational Chemistry 31 (2010)  #
# 455-461                                                       #
#                                                               #
# DOI 10.1002/jcc.21334                                         #
#                                                               #
# Please see http://vina.scripps.edu for more information.      #
#################################################################

WARNING: The search space volume > 27000 Angstrom^3 (See FAQ)
Reading input ... done.
Setting up the scoring function ... done.
Analyzing the binding site ... done.
Using random seed: -613142080
Performing search ... 
0%   10   20   30   40   50   60   70   80   90   100%
|----|----|----|----|----|----|----|----|----|----|
***************************************************
done.
Refining results ... done.

mode |   affinity | dist from best mode
     | (kcal/mol) | rmsd l.b.| rmsd u.b.
-----+------------+----------+----------
   1         -9.6      0.000      0.000
   2         -9.0      1.769      7.627
   3         -8.5      1.859      7.784
   4         -8.5      1.852      8.117
   5         -8.4      2.028      8.139
   6         -7.8      1.545      2.068
   7         -7.7      1.441      7.999
   8         -7.3     26.727     31.117
   9         -7.3      1.749      7.502
  10         -7.1     21.063     22.434
  11         -7.1     27.156     31.775
  12         -6.9      7.470     12.318
  13         -6.9      7.580     12.603
  14         -6.8      7.157     11.646
  15         -6.8     22.867     24.144
  16         -6.7     23.010     25.035
  17         -6.6     23.237     25.172
  18         -6.6     21.544     23.175
  19         -6.6     22.797     24.178
Writing output ... done.
