#################################################################
# If you used AutoDock Vina in your work, please cite:          #
#                                                               #
# O. Trott, A. J. Olson,                                        #
# AutoDock Vina: improving the speed and accuracy of docking    #
# with a new scoring function, efficient optimization and       #
# multithreading, Journal of Computational Chemistry 31 (2010)  #
# 455-461                                                       #
#                                                               #
# DOI 10.1002/jcc.21334                                         #
#                                                               #
# Please see http://vina.scripps.edu for more information.      #
#################################################################

WARNING: The search space volume > 27000 Angstrom^3 (See FAQ)
Reading input ... done.
Setting up the scoring function ... done.
Analyzing the binding site ... done.
Using random seed: 1973713778
Performing search ... 
0%   10   20   30   40   50   60   70   80   90   100%
|----|----|----|----|----|----|----|----|----|----|
***************************************************
done.
Refining results ... done.

mode |   affinity | dist from best mode
     | (kcal/mol) | rmsd l.b.| rmsd u.b.
-----+------------+----------+----------
   1        -10.3      0.000      0.000
   2         -9.9      2.083      8.425
   3         -9.8      2.040     10.582
   4         -9.5      1.956      8.315
   5         -9.2      2.160      8.479
   6         -9.1     29.335     32.661
   7         -9.1      1.948      7.995
   8         -9.0      2.018      9.476
   9         -9.0     29.790     33.164
  10         -9.0      1.430      2.100
  11         -8.9     29.047     33.095
  12         -8.9     29.546     33.351
  13         -8.9     29.016     33.547
  14         -8.9     29.703     33.089
  15         -8.9      2.087      8.374
  16         -8.8     29.867     32.890
  17         -8.7     29.392     31.786
  18         -8.7      1.924     10.612
  19         -8.6     29.470     33.097
  20         -8.6     29.530     33.223
Writing output ... done.
