#################################################################
# If you used AutoDock Vina in your work, please cite:          #
#                                                               #
# O. Trott, A. J. Olson,                                        #
# AutoDock Vina: improving the speed and accuracy of docking    #
# with a new scoring function, efficient optimization and       #
# multithreading, Journal of Computational Chemistry 31 (2010)  #
# 455-461                                                       #
#                                                               #
# DOI 10.1002/jcc.21334                                         #
#                                                               #
# Please see http://vina.scripps.edu for more information.      #
#################################################################

WARNING: The search space volume > 27000 Angstrom^3 (See FAQ)
Reading input ... done.
Setting up the scoring function ... done.
Analyzing the binding site ... done.
Using random seed: 888169152
Performing search ... 
0%   10   20   30   40   50   60   70   80   90   100%
|----|----|----|----|----|----|----|----|----|----|
***************************************************
done.
Refining results ... done.

mode |   affinity | dist from best mode
     | (kcal/mol) | rmsd l.b.| rmsd u.b.
-----+------------+----------+----------
   1        -10.7      0.000      0.000
   2        -10.6      2.378      6.937
   3        -10.5      2.071      8.970
   4        -10.2      2.176      6.625
   5        -10.1      2.384      7.540
   6        -10.0      2.398      6.908
   7         -9.9      1.989      7.847
   8         -9.8      1.837      6.916
   9         -9.7      2.051      7.918
  10         -9.6      2.287      8.253
  11         -9.6      1.856      8.253
  12         -9.4      2.457      9.893
  13         -9.3      2.872      7.663
  14         -9.3      2.758      7.447
  15         -9.3      2.283      9.332
  16         -9.1      5.159     10.291
  17         -9.0      2.375      9.918
  18         -8.8      4.431      7.138
  19         -8.5      7.124     11.901
  20         -8.4      6.121     11.019
Writing output ... done.
