#################################################################
# If you used AutoDock Vina in your work, please cite:          #
#                                                               #
# O. Trott, A. J. Olson,                                        #
# AutoDock Vina: improving the speed and accuracy of docking    #
# with a new scoring function, efficient optimization and       #
# multithreading, Journal of Computational Chemistry 31 (2010)  #
# 455-461                                                       #
#                                                               #
# DOI 10.1002/jcc.21334                                         #
#                                                               #
# Please see http://vina.scripps.edu for more information.      #
#################################################################

WARNING: The search space volume > 27000 Angstrom^3 (See FAQ)
Reading input ... done.
Setting up the scoring function ... done.
Analyzing the binding site ... done.
Using random seed: -710164902
Performing search ... 
0%   10   20   30   40   50   60   70   80   90   100%
|----|----|----|----|----|----|----|----|----|----|
***************************************************
done.
Refining results ... done.

mode |   affinity | dist from best mode
     | (kcal/mol) | rmsd l.b.| rmsd u.b.
-----+------------+----------+----------
   1        -10.2      0.000      0.000
   2         -9.9      1.916      7.864
   3         -9.5      4.101      9.916
   4         -9.4      3.644      9.914
   5         -9.2      1.689     10.837
   6         -9.2      3.139      8.667
   7         -9.2      5.181     11.857
   8         -9.2      5.191      8.576
   9         -9.0      3.114      9.391
  10         -9.0      1.930      4.576
  11         -9.0      5.628     11.082
  12         -8.9      6.808     12.883
  13         -8.9      6.815     12.737
  14         -8.8      2.427      8.778
  15         -8.8      5.358     11.230
  16         -8.8      1.446      7.372
  17         -8.7      2.101      6.066
  18         -8.7      3.739     10.324
  19         -8.6      3.470     10.066
  20         -8.6      4.566     11.009
Writing output ... done.
