#################################################################
# If you used AutoDock Vina in your work, please cite:          #
#                                                               #
# O. Trott, A. J. Olson,                                        #
# AutoDock Vina: improving the speed and accuracy of docking    #
# with a new scoring function, efficient optimization and       #
# multithreading, Journal of Computational Chemistry 31 (2010)  #
# 455-461                                                       #
#                                                               #
# DOI 10.1002/jcc.21334                                         #
#                                                               #
# Please see http://vina.scripps.edu for more information.      #
#################################################################

WARNING: The search space volume > 27000 Angstrom^3 (See FAQ)
Reading input ... done.
Setting up the scoring function ... done.
Analyzing the binding site ... done.
Using random seed: -1440722006
Performing search ... 
0%   10   20   30   40   50   60   70   80   90   100%
|----|----|----|----|----|----|----|----|----|----|
***************************************************
done.
Refining results ... done.

mode |   affinity | dist from best mode
     | (kcal/mol) | rmsd l.b.| rmsd u.b.
-----+------------+----------+----------
   1         -8.4      0.000      0.000
   2         -8.3     25.302     28.910
   3         -8.0      2.533      7.883
   4         -7.9     15.585     19.155
   5         -7.8      7.421     12.112
   6         -7.8     22.905     26.338
   7         -7.7      6.059     11.857
   8         -7.7      2.819      8.125
   9         -7.7      2.665      7.722
  10         -7.7      1.922      2.319
  11         -7.6      3.826      7.355
  12         -7.6      3.006      7.717
  13         -7.6      3.188      7.930
  14         -7.6      2.838      6.193
  15         -7.6      6.937     10.504
  16         -7.5      7.137      9.994
  17         -7.5      6.893     10.454
  18         -7.5      5.333     10.729
  19         -7.4      2.161      8.709
  20         -7.4      5.966     11.580
Writing output ... done.
