#################################################################
# If you used AutoDock Vina in your work, please cite:          #
#                                                               #
# O. Trott, A. J. Olson,                                        #
# AutoDock Vina: improving the speed and accuracy of docking    #
# with a new scoring function, efficient optimization and       #
# multithreading, Journal of Computational Chemistry 31 (2010)  #
# 455-461                                                       #
#                                                               #
# DOI 10.1002/jcc.21334                                         #
#                                                               #
# Please see http://vina.scripps.edu for more information.      #
#################################################################

WARNING: The search space volume > 27000 Angstrom^3 (See FAQ)
Reading input ... done.
Setting up the scoring function ... done.
Analyzing the binding site ... done.
Using random seed: 327892336
Performing search ... 
0%   10   20   30   40   50   60   70   80   90   100%
|----|----|----|----|----|----|----|----|----|----|
***************************************************
done.
Refining results ... done.

mode |   affinity | dist from best mode
     | (kcal/mol) | rmsd l.b.| rmsd u.b.
-----+------------+----------+----------
   1        -10.3      0.000      0.000
   2         -9.8      1.551      1.774
   3         -9.7      2.014      7.179
   4         -9.6      2.755      7.195
   5         -9.5      2.079      7.050
   6         -9.5      3.413      8.144
   7         -9.2      3.151      8.223
   8         -9.1      3.015      8.351
   9         -9.1     35.897     39.028
  10         -9.1      2.114      6.953
  11         -9.0      2.937      7.478
  12         -9.0      5.322     10.126
  13         -8.9      3.547      9.108
  14         -8.9      2.761      8.520
  15         -8.8      2.719      4.487
  16         -8.7     35.157     38.583
  17         -8.6      4.305     11.804
  18         -8.3      5.970     11.154
  19         -8.2      2.816      7.797
  20         -8.1      2.477      3.064
Writing output ... done.
