#################################################################
# If you used AutoDock Vina in your work, please cite:          #
#                                                               #
# O. Trott, A. J. Olson,                                        #
# AutoDock Vina: improving the speed and accuracy of docking    #
# with a new scoring function, efficient optimization and       #
# multithreading, Journal of Computational Chemistry 31 (2010)  #
# 455-461                                                       #
#                                                               #
# DOI 10.1002/jcc.21334                                         #
#                                                               #
# Please see http://vina.scripps.edu for more information.      #
#################################################################

WARNING: The search space volume > 27000 Angstrom^3 (See FAQ)
Reading input ... done.
Setting up the scoring function ... done.
Analyzing the binding site ... done.
Using random seed: -897195392
Performing search ... 
0%   10   20   30   40   50   60   70   80   90   100%
|----|----|----|----|----|----|----|----|----|----|
***************************************************
done.
Refining results ... done.

mode |   affinity | dist from best mode
     | (kcal/mol) | rmsd l.b.| rmsd u.b.
-----+------------+----------+----------
   1        -10.1      0.000      0.000
   2        -10.1      1.519      7.306
   3        -10.1      1.298      1.740
   4         -9.8      2.005     10.755
   5         -9.7      1.666      7.675
   6         -9.7      1.734      2.928
   7         -9.7      2.000      8.246
   8         -9.7      1.475      4.845
   9         -9.7      1.900     10.091
  10         -9.6      1.694      7.448
  11         -9.6      1.618      5.572
  12         -9.6      1.740      8.033
  13         -9.6      2.034      8.090
  14         -9.6      1.785      7.783
  15         -9.5      2.005      9.294
  16         -9.5      1.961      7.466
  17         -9.3      1.677      8.003
  18         -9.3     28.441     31.693
  19         -9.2     28.288     31.348
  20         -9.2     28.082     31.350
Writing output ... done.
