#################################################################
# If you used AutoDock Vina in your work, please cite:          #
#                                                               #
# O. Trott, A. J. Olson,                                        #
# AutoDock Vina: improving the speed and accuracy of docking    #
# with a new scoring function, efficient optimization and       #
# multithreading, Journal of Computational Chemistry 31 (2010)  #
# 455-461                                                       #
#                                                               #
# DOI 10.1002/jcc.21334                                         #
#                                                               #
# Please see http://vina.scripps.edu for more information.      #
#################################################################

WARNING: The search space volume > 27000 Angstrom^3 (See FAQ)
Reading input ... done.
Setting up the scoring function ... done.
Analyzing the binding site ... done.
Using random seed: -562248628
Performing search ... 
0%   10   20   30   40   50   60   70   80   90   100%
|----|----|----|----|----|----|----|----|----|----|
***************************************************
done.
Refining results ... done.

mode |   affinity | dist from best mode
     | (kcal/mol) | rmsd l.b.| rmsd u.b.
-----+------------+----------+----------
   1         -7.7      0.000      0.000
   2         -7.7      1.800      7.566
   3         -7.6      1.330      1.755
   4         -7.6      1.567      2.040
   5         -7.6      1.638      2.006
   6         -7.5      1.616      7.156
   7         -7.5      2.073      8.002
   8         -7.5      2.427      7.460
   9         -7.4      1.791      7.625
  10         -7.4      2.812      7.991
  11         -7.3      2.003      7.845
  12         -7.3      1.408      1.713
  13         -7.2      3.059     10.005
  14         -7.1      1.809      6.981
  15         -7.1      1.726      7.248
  16         -7.1      2.176      7.977
  17         -7.0      1.885      7.412
  18         -6.9      1.811      7.571
  19         -6.9     30.998     33.892
  20         -6.8      1.960      7.871
Writing output ... done.
