#################################################################
# If you used AutoDock Vina in your work, please cite:          #
#                                                               #
# O. Trott, A. J. Olson,                                        #
# AutoDock Vina: improving the speed and accuracy of docking    #
# with a new scoring function, efficient optimization and       #
# multithreading, Journal of Computational Chemistry 31 (2010)  #
# 455-461                                                       #
#                                                               #
# DOI 10.1002/jcc.21334                                         #
#                                                               #
# Please see http://vina.scripps.edu for more information.      #
#################################################################

WARNING: The search space volume > 27000 Angstrom^3 (See FAQ)
Reading input ... done.
Setting up the scoring function ... done.
Analyzing the binding site ... done.
Using random seed: 1055585208
Performing search ... 
0%   10   20   30   40   50   60   70   80   90   100%
|----|----|----|----|----|----|----|----|----|----|
***************************************************
done.
Refining results ... done.

mode |   affinity | dist from best mode
     | (kcal/mol) | rmsd l.b.| rmsd u.b.
-----+------------+----------+----------
   1        -10.4      0.000      0.000
   2         -9.5      2.891      7.485
   3         -9.3      1.641      2.108
   4         -9.1      5.204      9.523
   5         -9.1     30.235     33.836
   6         -9.0      6.810     12.165
   7         -8.8      4.932      8.319
   8         -8.5      2.325      7.944
   9         -8.4      8.948     12.300
  10         -8.2      2.666      4.852
  11         -8.2     15.912     20.918
  12         -8.1      7.939     12.238
  13         -8.0      4.832     10.268
  14         -7.9     29.832     32.476
  15         -7.9      8.573     11.994
  16         -7.8      7.762     13.205
  17         -7.7      8.709     13.349
  18         -7.7     29.206     31.657
  19         -7.6     16.620     22.230
  20         -7.6     16.937     19.669
Writing output ... done.
