#################################################################
# If you used AutoDock Vina in your work, please cite:          #
#                                                               #
# O. Trott, A. J. Olson,                                        #
# AutoDock Vina: improving the speed and accuracy of docking    #
# with a new scoring function, efficient optimization and       #
# multithreading, Journal of Computational Chemistry 31 (2010)  #
# 455-461                                                       #
#                                                               #
# DOI 10.1002/jcc.21334                                         #
#                                                               #
# Please see http://vina.scripps.edu for more information.      #
#################################################################

WARNING: The search space volume > 27000 Angstrom^3 (See FAQ)
Reading input ... done.
Setting up the scoring function ... done.
Analyzing the binding site ... done.
Using random seed: 1342011616
Performing search ... 
0%   10   20   30   40   50   60   70   80   90   100%
|----|----|----|----|----|----|----|----|----|----|
***************************************************
done.
Refining results ... done.

mode |   affinity | dist from best mode
     | (kcal/mol) | rmsd l.b.| rmsd u.b.
-----+------------+----------+----------
   1         -9.6      0.000      0.000
   2         -9.4      1.306      7.336
   3         -9.1      1.776      8.230
   4         -9.0     30.072     33.625
   5         -8.8      1.688     10.109
   6         -8.8     30.107     33.888
   7         -8.8      1.657     10.623
   8         -8.7     30.152     33.620
   9         -8.7     30.234     34.425
  10         -8.5      2.080      8.789
  11         -8.4     30.219     33.614
  12         -8.2      1.702      7.298
  13         -8.2     30.181     33.685
  14         -8.1     31.081     34.782
  15         -8.0     30.283     33.854
  16         -7.9     31.098     34.946
  17         -7.8     29.866     33.361
  18         -7.8      1.706      7.968
  19         -7.7     30.340     35.113
  20         -7.4     30.122     33.515
Writing output ... done.
