#################################################################
# If you used AutoDock Vina in your work, please cite:          #
#                                                               #
# O. Trott, A. J. Olson,                                        #
# AutoDock Vina: improving the speed and accuracy of docking    #
# with a new scoring function, efficient optimization and       #
# multithreading, Journal of Computational Chemistry 31 (2010)  #
# 455-461                                                       #
#                                                               #
# DOI 10.1002/jcc.21334                                         #
#                                                               #
# Please see http://vina.scripps.edu for more information.      #
#################################################################

WARNING: The search space volume > 27000 Angstrom^3 (See FAQ)
Reading input ... done.
Setting up the scoring function ... done.
Analyzing the binding site ... done.
Using random seed: 837540224
Performing search ... 
0%   10   20   30   40   50   60   70   80   90   100%
|----|----|----|----|----|----|----|----|----|----|
***************************************************
done.
Refining results ... done.

mode |   affinity | dist from best mode
     | (kcal/mol) | rmsd l.b.| rmsd u.b.
-----+------------+----------+----------
   1        -10.2      0.000      0.000
   2        -10.2      1.899      2.283
   3        -10.0      4.191     10.044
   4         -9.8      3.189      7.968
   5         -9.8      2.547      7.299
   6         -9.7      3.766      7.905
   7         -9.6      3.646      8.071
   8         -9.5      1.652      7.176
   9         -9.2     30.854     33.423
  10         -9.2      3.925      9.046
  11         -9.2      2.988      7.899
  12         -9.1     31.738     34.841
  13         -9.1     33.508     35.951
  14         -9.1      2.992      7.541
  15         -9.1     33.285     35.831
  16         -9.0     30.945     33.488
  17         -8.9      3.537      8.274
  18         -8.9     31.953     34.491
  19         -8.9     31.598     34.702
  20         -8.8     32.021     34.574
Writing output ... done.
