#################################################################
# If you used AutoDock Vina in your work, please cite:          #
#                                                               #
# O. Trott, A. J. Olson,                                        #
# AutoDock Vina: improving the speed and accuracy of docking    #
# with a new scoring function, efficient optimization and       #
# multithreading, Journal of Computational Chemistry 31 (2010)  #
# 455-461                                                       #
#                                                               #
# DOI 10.1002/jcc.21334                                         #
#                                                               #
# Please see http://vina.scripps.edu for more information.      #
#################################################################

WARNING: The search space volume > 27000 Angstrom^3 (See FAQ)
Reading input ... done.
Setting up the scoring function ... done.
Analyzing the binding site ... done.
Using random seed: 1528495122
Performing search ... 
0%   10   20   30   40   50   60   70   80   90   100%
|----|----|----|----|----|----|----|----|----|----|
***************************************************
done.
Refining results ... done.

mode |   affinity | dist from best mode
     | (kcal/mol) | rmsd l.b.| rmsd u.b.
-----+------------+----------+----------
   1         -8.6      0.000      0.000
   2         -7.9      2.046      7.037
   3         -7.7      2.557     10.348
   4         -7.7      3.006      9.768
   5         -7.5      1.607      2.250
   6         -7.5     32.865     38.067
   7         -7.4      2.023      2.453
   8         -7.3     33.250     38.454
   9         -7.3      4.922     11.840
  10         -7.2      2.478      7.882
  11         -7.2      1.935      8.105
  12         -7.2      3.102     10.193
  13         -7.2      1.257      6.906
  14         -7.1     33.584     38.353
  15         -7.1      3.222     10.516
  16         -7.0      2.273     10.658
  17         -7.0      3.295      8.249
  18         -7.0      3.445      8.223
  19         -7.0      2.337     11.038
  20         -7.0      2.155      7.378
Writing output ... done.
