#################################################################
# If you used AutoDock Vina in your work, please cite:          #
#                                                               #
# O. Trott, A. J. Olson,                                        #
# AutoDock Vina: improving the speed and accuracy of docking    #
# with a new scoring function, efficient optimization and       #
# multithreading, Journal of Computational Chemistry 31 (2010)  #
# 455-461                                                       #
#                                                               #
# DOI 10.1002/jcc.21334                                         #
#                                                               #
# Please see http://vina.scripps.edu for more information.      #
#################################################################

WARNING: The search space volume > 27000 Angstrom^3 (See FAQ)
Reading input ... done.
Setting up the scoring function ... done.
Analyzing the binding site ... done.
Using random seed: 194342216
Performing search ... 
0%   10   20   30   40   50   60   70   80   90   100%
|----|----|----|----|----|----|----|----|----|----|
***************************************************
done.
Refining results ... done.

mode |   affinity | dist from best mode
     | (kcal/mol) | rmsd l.b.| rmsd u.b.
-----+------------+----------+----------
   1         -8.9      0.000      0.000
   2         -8.0      1.618      6.911
   3         -7.7      1.870      7.721
   4         -7.5      1.581      4.196
   5         -6.9      1.889      5.913
   6         -6.8     20.262     23.145
   7         -6.8      5.914     11.088
   8         -6.7      5.283     11.179
   9         -6.7     15.403     18.037
  10         -6.7     21.003     23.269
  11         -6.7     21.415     25.741
  12         -6.6     21.309     25.846
  13         -6.6     21.032     24.722
  14         -6.6     21.440     25.047
  15         -6.6      6.075     11.238
  16         -6.6     21.855     25.698
  17         -6.6     25.628     28.845
  18         -6.6     19.655     21.973
  19         -6.5     22.801     26.765
  20         -6.5     20.541     23.841
Writing output ... done.
