#################################################################
# If you used AutoDock Vina in your work, please cite:          #
#                                                               #
# O. Trott, A. J. Olson,                                        #
# AutoDock Vina: improving the speed and accuracy of docking    #
# with a new scoring function, efficient optimization and       #
# multithreading, Journal of Computational Chemistry 31 (2010)  #
# 455-461                                                       #
#                                                               #
# DOI 10.1002/jcc.21334                                         #
#                                                               #
# Please see http://vina.scripps.edu for more information.      #
#################################################################

WARNING: The search space volume > 27000 Angstrom^3 (See FAQ)
Reading input ... done.
Setting up the scoring function ... done.
Analyzing the binding site ... done.
Using random seed: -1644821248
Performing search ... 
0%   10   20   30   40   50   60   70   80   90   100%
|----|----|----|----|----|----|----|----|----|----|
***************************************************
done.
Refining results ... done.

mode |   affinity | dist from best mode
     | (kcal/mol) | rmsd l.b.| rmsd u.b.
-----+------------+----------+----------
   1         -6.8      0.000      0.000
   2         -6.4      1.759      8.103
   3         -6.4      1.840      8.049
   4         -6.4     14.924     22.467
   5         -6.3      1.762      2.368
   6         -6.3      1.709      4.289
   7         -6.3      1.860      7.638
   8         -6.3     16.547     22.665
   9         -6.2      2.471      8.470
  10         -6.2     15.696     21.899
  11         -6.2      2.307     10.823
  12         -6.1      1.822      8.464
  13         -6.1     15.304     22.407
  14         -6.1     16.267     23.705
  15         -6.0     14.756     21.993
  16         -6.0      1.666      7.488
  17         -6.0     16.161     23.580
  18         -6.0      1.677      2.789
  19         -6.0     15.616     23.040
  20         -6.0      1.974      9.902
Writing output ... done.
