#################################################################
# If you used AutoDock Vina in your work, please cite:          #
#                                                               #
# O. Trott, A. J. Olson,                                        #
# AutoDock Vina: improving the speed and accuracy of docking    #
# with a new scoring function, efficient optimization and       #
# multithreading, Journal of Computational Chemistry 31 (2010)  #
# 455-461                                                       #
#                                                               #
# DOI 10.1002/jcc.21334                                         #
#                                                               #
# Please see http://vina.scripps.edu for more information.      #
#################################################################

WARNING: The search space volume > 27000 Angstrom^3 (See FAQ)
Reading input ... done.
Setting up the scoring function ... done.
Analyzing the binding site ... done.
Using random seed: -588276948
Performing search ... 
0%   10   20   30   40   50   60   70   80   90   100%
|----|----|----|----|----|----|----|----|----|----|
***************************************************
done.
Refining results ... done.

mode |   affinity | dist from best mode
     | (kcal/mol) | rmsd l.b.| rmsd u.b.
-----+------------+----------+----------
   1         -9.3      0.000      0.000
   2         -9.3      1.849      8.255
   3         -9.3      2.851      9.142
   4         -9.2      2.356      9.981
   5         -9.1      1.514      7.211
   6         -9.0     30.152     34.075
   7         -9.0      2.367      7.786
   8         -9.0     28.928     32.000
   9         -8.9      2.255      8.718
  10         -8.8     29.809     33.897
  11         -8.8     30.372     34.073
  12         -8.8      1.884      3.828
  13         -8.7     30.033     33.992
  14         -8.7      2.519      8.058
  15         -8.6      2.370      8.635
  16         -8.6     30.232     34.436
  17         -8.6     30.546     34.225
  18         -8.5     29.928     33.463
  19         -8.5      2.326      8.754
  20         -8.5     30.198     33.267
Writing output ... done.
