#################################################################
# If you used AutoDock Vina in your work, please cite:          #
#                                                               #
# O. Trott, A. J. Olson,                                        #
# AutoDock Vina: improving the speed and accuracy of docking    #
# with a new scoring function, efficient optimization and       #
# multithreading, Journal of Computational Chemistry 31 (2010)  #
# 455-461                                                       #
#                                                               #
# DOI 10.1002/jcc.21334                                         #
#                                                               #
# Please see http://vina.scripps.edu for more information.      #
#################################################################

WARNING: The search space volume > 27000 Angstrom^3 (See FAQ)
Reading input ... done.
Setting up the scoring function ... done.
Analyzing the binding site ... done.
Using random seed: -879937380
Performing search ... 
0%   10   20   30   40   50   60   70   80   90   100%
|----|----|----|----|----|----|----|----|----|----|
***************************************************
done.
Refining results ... done.

mode |   affinity | dist from best mode
     | (kcal/mol) | rmsd l.b.| rmsd u.b.
-----+------------+----------+----------
   1         -9.7      0.000      0.000
   2         -9.6      1.960      6.854
   3         -9.5      1.747      2.097
   4         -9.4      4.541      6.880
   5         -9.4      1.895      2.458
   6         -9.2      2.375      6.742
   7         -9.2      2.611      6.924
   8         -9.1      2.878      9.541
   9         -8.8      2.796      3.798
  10         -8.6      4.315      9.324
  11         -8.6      3.113      7.422
  12         -8.6      2.507      9.650
  13         -8.5     25.874     29.494
  14         -8.4      3.060      9.291
  15         -8.4      4.378      6.665
  16         -8.3      2.846      9.928
  17         -8.2      1.834      6.958
  18         -8.2     25.432     28.567
  19         -7.9      2.651      7.059
  20         -7.8     28.895     33.856
Writing output ... done.
