#################################################################
# If you used AutoDock Vina in your work, please cite:          #
#                                                               #
# O. Trott, A. J. Olson,                                        #
# AutoDock Vina: improving the speed and accuracy of docking    #
# with a new scoring function, efficient optimization and       #
# multithreading, Journal of Computational Chemistry 31 (2010)  #
# 455-461                                                       #
#                                                               #
# DOI 10.1002/jcc.21334                                         #
#                                                               #
# Please see http://vina.scripps.edu for more information.      #
#################################################################

WARNING: The search space volume > 27000 Angstrom^3 (See FAQ)
Reading input ... done.
Setting up the scoring function ... done.
Analyzing the binding site ... done.
Using random seed: -236866608
Performing search ... 
0%   10   20   30   40   50   60   70   80   90   100%
|----|----|----|----|----|----|----|----|----|----|
***************************************************
done.
Refining results ... done.

mode |   affinity | dist from best mode
     | (kcal/mol) | rmsd l.b.| rmsd u.b.
-----+------------+----------+----------
   1         -9.0      0.000      0.000
   2         -9.0      4.615     12.738
   3         -8.9      3.312      9.639
   4         -8.7      3.685      9.798
   5         -8.7      3.762      6.210
   6         -8.6      3.484      7.125
   7         -8.6      4.515     10.715
   8         -8.6      3.836      9.645
   9         -8.6      3.064      9.316
  10         -8.6      3.850      9.966
  11         -8.6      3.404      9.499
  12         -8.6      2.901      9.322
  13         -8.6      3.530     11.956
  14         -8.6      3.449     11.705
  15         -8.6      3.848     10.796
  16         -8.5      3.812     10.074
  17         -8.5      4.175     12.023
  18         -8.5      3.390      7.096
  19         -8.4      3.583      7.542
  20         -8.4      3.506     11.595
Writing output ... done.
