#################################################################
# If you used AutoDock Vina in your work, please cite:          #
#                                                               #
# O. Trott, A. J. Olson,                                        #
# AutoDock Vina: improving the speed and accuracy of docking    #
# with a new scoring function, efficient optimization and       #
# multithreading, Journal of Computational Chemistry 31 (2010)  #
# 455-461                                                       #
#                                                               #
# DOI 10.1002/jcc.21334                                         #
#                                                               #
# Please see http://vina.scripps.edu for more information.      #
#################################################################

WARNING: The search space volume > 27000 Angstrom^3 (See FAQ)
Reading input ... done.
Setting up the scoring function ... done.
Analyzing the binding site ... done.
Using random seed: -200623072
Performing search ... 
0%   10   20   30   40   50   60   70   80   90   100%
|----|----|----|----|----|----|----|----|----|----|
***************************************************
done.
Refining results ... done.

mode |   affinity | dist from best mode
     | (kcal/mol) | rmsd l.b.| rmsd u.b.
-----+------------+----------+----------
   1        -11.0      0.000      0.000
   2        -10.8      3.919      9.258
   3        -10.5      3.566      9.002
   4        -10.5      1.932      7.352
   5        -10.4      4.262      9.248
   6        -10.3     29.488     32.474
   7        -10.3     29.020     32.520
   8        -10.2     29.156     32.370
   9        -10.1      2.518      7.803
  10        -10.0      2.110      2.796
  11         -9.9     27.634     30.160
  12         -9.5      4.031      9.190
  13         -8.9     29.101     32.513
  14         -8.8      3.530      6.380
  15         -8.8      2.570      7.759
  16         -8.8      3.326      8.488
  17         -8.7     29.271     32.166
  18         -8.5     10.406     14.800
  19         -8.5     31.916     33.792
  20         -8.2     10.631     14.967
Writing output ... done.
