#################################################################
# If you used AutoDock Vina in your work, please cite:          #
#                                                               #
# O. Trott, A. J. Olson,                                        #
# AutoDock Vina: improving the speed and accuracy of docking    #
# with a new scoring function, efficient optimization and       #
# multithreading, Journal of Computational Chemistry 31 (2010)  #
# 455-461                                                       #
#                                                               #
# DOI 10.1002/jcc.21334                                         #
#                                                               #
# Please see http://vina.scripps.edu for more information.      #
#################################################################

WARNING: The search space volume > 27000 Angstrom^3 (See FAQ)
Reading input ... done.
Setting up the scoring function ... done.
Analyzing the binding site ... done.
Using random seed: -1197235798
Performing search ... 
0%   10   20   30   40   50   60   70   80   90   100%
|----|----|----|----|----|----|----|----|----|----|
***************************************************
done.
Refining results ... done.

mode |   affinity | dist from best mode
     | (kcal/mol) | rmsd l.b.| rmsd u.b.
-----+------------+----------+----------
   1        -10.0      0.000      0.000
   2         -9.4     28.907     32.292
   3         -9.0     27.453     31.232
   4         -8.9      2.468      8.090
   5         -8.5     28.138     31.198
   6         -8.5     24.704     28.383
   7         -8.3     27.586     30.361
   8         -8.2     12.123     16.762
   9         -8.1     24.518     27.923
  10         -8.1     26.919     30.065
  11         -8.1     26.781     29.809
  12         -8.1     11.582     14.958
  13         -8.1     11.777     16.327
  14         -8.0     24.162     28.115
  15         -7.9     27.223     30.192
  16         -7.9     12.617     17.158
  17         -7.8     11.874     15.777
  18         -7.8     26.372     29.543
  19         -7.7     25.905     29.281
  20         -7.7     26.297     29.070
Writing output ... done.
