#################################################################
# If you used AutoDock Vina in your work, please cite:          #
#                                                               #
# O. Trott, A. J. Olson,                                        #
# AutoDock Vina: improving the speed and accuracy of docking    #
# with a new scoring function, efficient optimization and       #
# multithreading, Journal of Computational Chemistry 31 (2010)  #
# 455-461                                                       #
#                                                               #
# DOI 10.1002/jcc.21334                                         #
#                                                               #
# Please see http://vina.scripps.edu for more information.      #
#################################################################

WARNING: The search space volume > 27000 Angstrom^3 (See FAQ)
Reading input ... done.
Setting up the scoring function ... done.
Analyzing the binding site ... done.
Using random seed: 1250876120
Performing search ... 
0%   10   20   30   40   50   60   70   80   90   100%
|----|----|----|----|----|----|----|----|----|----|
***************************************************
done.
Refining results ... done.

mode |   affinity | dist from best mode
     | (kcal/mol) | rmsd l.b.| rmsd u.b.
-----+------------+----------+----------
   1         -9.9      0.000      0.000
   2         -9.9     31.568     34.870
   3         -9.6     31.437     34.755
   4         -9.5      3.885      8.376
   5         -9.5     31.462     34.676
   6         -9.5     31.325     33.956
   7         -9.3     31.158     34.504
   8         -9.2     31.450     34.524
   9         -9.1      1.655      7.150
  10         -9.0      2.708      7.297
  11         -9.0     30.600     32.997
  12         -9.0      2.464      7.308
  13         -8.9      2.493      8.523
  14         -8.8      2.401      7.974
  15         -8.8      1.712      2.014
  16         -8.8      3.887      8.746
  17         -8.8      3.594      6.795
  18         -8.7      7.157     14.147
  19         -8.6     31.225     33.505
  20         -8.5      3.823      8.915
Writing output ... done.
