#################################################################
# If you used AutoDock Vina in your work, please cite:          #
#                                                               #
# O. Trott, A. J. Olson,                                        #
# AutoDock Vina: improving the speed and accuracy of docking    #
# with a new scoring function, efficient optimization and       #
# multithreading, Journal of Computational Chemistry 31 (2010)  #
# 455-461                                                       #
#                                                               #
# DOI 10.1002/jcc.21334                                         #
#                                                               #
# Please see http://vina.scripps.edu for more information.      #
#################################################################

WARNING: The search space volume > 27000 Angstrom^3 (See FAQ)
Reading input ... done.
Setting up the scoring function ... done.
Analyzing the binding site ... done.
Using random seed: 1725045024
Performing search ... 
0%   10   20   30   40   50   60   70   80   90   100%
|----|----|----|----|----|----|----|----|----|----|
***************************************************
done.
Refining results ... done.

mode |   affinity | dist from best mode
     | (kcal/mol) | rmsd l.b.| rmsd u.b.
-----+------------+----------+----------
   1        -10.1      0.000      0.000
   2         -9.7     28.455     32.013
   3         -9.5     28.692     32.279
   4         -9.3     28.771     32.644
   5         -9.2      1.258      1.754
   6         -9.2      1.085      7.315
   7         -9.1     28.917     33.471
   8         -9.1     29.286     32.605
   9         -8.6      2.375      9.247
  10         -8.4     28.803     31.612
  11         -8.3      2.080      9.097
  12         -8.2      1.983      3.271
  13         -8.1     29.731     33.151
  14         -8.0      1.831      9.544
  15         -7.8      1.838      7.722
  16         -7.7     30.431     33.756
  17         -7.4      2.174      8.340
  18         -7.3     28.517     32.302
Writing output ... done.
