#################################################################
# If you used AutoDock Vina in your work, please cite:          #
#                                                               #
# O. Trott, A. J. Olson,                                        #
# AutoDock Vina: improving the speed and accuracy of docking    #
# with a new scoring function, efficient optimization and       #
# multithreading, Journal of Computational Chemistry 31 (2010)  #
# 455-461                                                       #
#                                                               #
# DOI 10.1002/jcc.21334                                         #
#                                                               #
# Please see http://vina.scripps.edu for more information.      #
#################################################################

WARNING: The search space volume > 27000 Angstrom^3 (See FAQ)
Reading input ... done.
Setting up the scoring function ... done.
Analyzing the binding site ... done.
Using random seed: -476925456
Performing search ... 
0%   10   20   30   40   50   60   70   80   90   100%
|----|----|----|----|----|----|----|----|----|----|
***************************************************
done.
Refining results ... done.

mode |   affinity | dist from best mode
     | (kcal/mol) | rmsd l.b.| rmsd u.b.
-----+------------+----------+----------
   1        -10.1      0.000      0.000
   2         -9.8      1.550      7.208
   3         -9.4      1.539      6.987
   4         -9.3      1.725      8.749
   5         -9.2      2.075     10.473
   6         -9.1     30.095     34.013
   7         -9.0     30.500     34.030
   8         -9.0      2.383     10.674
   9         -8.9      2.378      7.914
  10         -8.8     30.153     34.004
  11         -8.8     30.305     34.058
  12         -8.7     30.162     34.006
  13         -8.5     30.530     33.349
  14         -8.4     32.575     35.466
  15         -8.3     29.797     33.671
  16         -8.2     30.091     33.983
  17         -8.2      2.048      8.708
  18         -8.0     30.418     34.618
  19         -7.9     30.084     34.358
  20         -7.8     30.224     34.746
Writing output ... done.
