#################################################################
# If you used AutoDock Vina in your work, please cite:          #
#                                                               #
# O. Trott, A. J. Olson,                                        #
# AutoDock Vina: improving the speed and accuracy of docking    #
# with a new scoring function, efficient optimization and       #
# multithreading, Journal of Computational Chemistry 31 (2010)  #
# 455-461                                                       #
#                                                               #
# DOI 10.1002/jcc.21334                                         #
#                                                               #
# Please see http://vina.scripps.edu for more information.      #
#################################################################

WARNING: The search space volume > 27000 Angstrom^3 (See FAQ)
Reading input ... done.
Setting up the scoring function ... done.
Analyzing the binding site ... done.
Using random seed: -480823212
Performing search ... 
0%   10   20   30   40   50   60   70   80   90   100%
|----|----|----|----|----|----|----|----|----|----|
***************************************************
done.
Refining results ... done.

mode |   affinity | dist from best mode
     | (kcal/mol) | rmsd l.b.| rmsd u.b.
-----+------------+----------+----------
   1         -9.1      0.000      0.000
   2         -8.4      1.689      6.984
   3         -7.6      3.410      8.623
   4         -7.6      1.783      7.185
   5         -7.6      2.198      7.358
   6         -7.5      2.360      8.278
   7         -7.5      1.804      3.959
   8         -7.4     34.377     39.158
   9         -7.3      3.749      7.432
  10         -7.3      2.463      7.522
  11         -7.2      2.128     10.558
  12         -7.1     34.645     38.982
  13         -7.1      3.733      7.687
  14         -7.1     32.732     38.727
  15         -7.0      2.509      8.351
  16         -7.0     33.229     38.924
  17         -7.0      3.683      7.770
  18         -6.9     32.805     38.842
  19         -6.9      3.043      7.126
  20         -6.9      3.863     10.628
Writing output ... done.
