#################################################################
# If you used AutoDock Vina in your work, please cite:          #
#                                                               #
# O. Trott, A. J. Olson,                                        #
# AutoDock Vina: improving the speed and accuracy of docking    #
# with a new scoring function, efficient optimization and       #
# multithreading, Journal of Computational Chemistry 31 (2010)  #
# 455-461                                                       #
#                                                               #
# DOI 10.1002/jcc.21334                                         #
#                                                               #
# Please see http://vina.scripps.edu for more information.      #
#################################################################

WARNING: The search space volume > 27000 Angstrom^3 (See FAQ)
Reading input ... done.
Setting up the scoring function ... done.
Analyzing the binding site ... done.
Using random seed: 1334946656
Performing search ... 
0%   10   20   30   40   50   60   70   80   90   100%
|----|----|----|----|----|----|----|----|----|----|
***************************************************
done.
Refining results ... done.

mode |   affinity | dist from best mode
     | (kcal/mol) | rmsd l.b.| rmsd u.b.
-----+------------+----------+----------
   1        -10.6      0.000      0.000
   2        -10.6      1.712      5.622
   3        -10.5      1.852      7.940
   4        -10.4      1.252      1.612
   5        -10.3      1.534      7.625
   6        -10.2      1.744      7.492
   7        -10.1      1.677      7.452
   8        -10.0      1.863      7.733
   9        -10.0      1.865     10.239
  10         -9.9      2.566      4.725
  11         -9.8      2.459      8.520
  12         -9.7      1.491      7.648
  13         -9.7      1.702      9.622
  14         -9.6      3.133      7.440
  15         -9.6      1.721      7.693
  16         -9.5      3.302      8.744
  17         -9.5      1.811      8.097
  18         -9.4      1.783      7.798
  19         -9.4      1.598      7.942
  20         -9.4      2.004      7.962
Writing output ... done.
