#################################################################
# If you used AutoDock Vina in your work, please cite:          #
#                                                               #
# O. Trott, A. J. Olson,                                        #
# AutoDock Vina: improving the speed and accuracy of docking    #
# with a new scoring function, efficient optimization and       #
# multithreading, Journal of Computational Chemistry 31 (2010)  #
# 455-461                                                       #
#                                                               #
# DOI 10.1002/jcc.21334                                         #
#                                                               #
# Please see http://vina.scripps.edu for more information.      #
#################################################################

WARNING: The search space volume > 27000 Angstrom^3 (See FAQ)
Reading input ... done.
Setting up the scoring function ... done.
Analyzing the binding site ... done.
Using random seed: 1163459190
Performing search ... 
0%   10   20   30   40   50   60   70   80   90   100%
|----|----|----|----|----|----|----|----|----|----|
***************************************************
done.
Refining results ... done.

mode |   affinity | dist from best mode
     | (kcal/mol) | rmsd l.b.| rmsd u.b.
-----+------------+----------+----------
   1        -10.6      0.000      0.000
   2         -9.7     28.191     31.140
   3         -9.6      4.679      9.511
   4         -9.4     28.622     31.660
   5         -9.2      2.776      8.350
   6         -9.2      6.034     11.701
   7         -9.2      4.412      9.374
   8         -9.2      4.984     10.155
   9         -8.7      5.366     10.485
  10         -8.5     21.017     22.978
  11         -8.4      2.027      8.078
  12         -8.4      3.728      9.550
  13         -7.8     34.526     36.498
  14         -7.8     22.473     24.517
  15         -7.8     25.365     31.090
  16         -7.7     20.727     22.621
  17         -7.7     20.862     22.914
Writing output ... done.
