#################################################################
# If you used AutoDock Vina in your work, please cite:          #
#                                                               #
# O. Trott, A. J. Olson,                                        #
# AutoDock Vina: improving the speed and accuracy of docking    #
# with a new scoring function, efficient optimization and       #
# multithreading, Journal of Computational Chemistry 31 (2010)  #
# 455-461                                                       #
#                                                               #
# DOI 10.1002/jcc.21334                                         #
#                                                               #
# Please see http://vina.scripps.edu for more information.      #
#################################################################

WARNING: The search space volume > 27000 Angstrom^3 (See FAQ)
Reading input ... done.
Setting up the scoring function ... done.
Analyzing the binding site ... done.
Using random seed: -851131716
Performing search ... 
0%   10   20   30   40   50   60   70   80   90   100%
|----|----|----|----|----|----|----|----|----|----|
***************************************************
done.
Refining results ... done.

mode |   affinity | dist from best mode
     | (kcal/mol) | rmsd l.b.| rmsd u.b.
-----+------------+----------+----------
   1         -9.7      0.000      0.000
   2         -9.6      2.541      9.026
   3         -9.6      3.287      7.859
   4         -9.5      4.161      9.666
   5         -9.5      3.323      9.415
   6         -9.4      4.539      8.243
   7         -9.3      2.056      7.330
   8         -9.3      3.399      7.957
   9         -9.2      4.019      8.045
  10         -9.0      4.187      9.803
  11         -8.9      1.910      2.301
  12         -8.4     27.353     32.866
  13         -8.4      2.948      8.188
  14         -8.3      2.664      7.747
  15         -8.2     25.477     28.624
  16         -8.0     26.926     32.512
  17         -8.0     28.584     33.553
  18         -7.9     25.476     28.920
  19         -7.9     29.028     34.180
  20         -7.8     26.152     29.022
Writing output ... done.
