#################################################################
# If you used AutoDock Vina in your work, please cite:          #
#                                                               #
# O. Trott, A. J. Olson,                                        #
# AutoDock Vina: improving the speed and accuracy of docking    #
# with a new scoring function, efficient optimization and       #
# multithreading, Journal of Computational Chemistry 31 (2010)  #
# 455-461                                                       #
#                                                               #
# DOI 10.1002/jcc.21334                                         #
#                                                               #
# Please see http://vina.scripps.edu for more information.      #
#################################################################

WARNING: The search space volume > 27000 Angstrom^3 (See FAQ)
Reading input ... done.
Setting up the scoring function ... done.
Analyzing the binding site ... done.
Using random seed: -173860372
Performing search ... 
0%   10   20   30   40   50   60   70   80   90   100%
|----|----|----|----|----|----|----|----|----|----|
***************************************************
done.
Refining results ... done.

mode |   affinity | dist from best mode
     | (kcal/mol) | rmsd l.b.| rmsd u.b.
-----+------------+----------+----------
   1         -6.5      0.000      0.000
   2         -6.3     18.600     23.055
   3         -6.2     10.440     15.961
   4         -6.2      2.159      7.271
   5         -6.1     28.355     31.307
   6         -6.1     22.791     28.566
   7         -6.0     27.750     31.466
   8         -6.0      3.172     10.930
   9         -6.0     22.193     28.341
  10         -6.0     29.083     34.964
  11         -5.9     30.744     36.516
  12         -5.9     27.685     30.985
  13         -5.9     22.785     28.684
  14         -5.9     14.878     18.648
  15         -5.9      1.548      2.029
  16         -5.9      3.438     10.852
  17         -5.9     16.071     20.163
  18         -5.9     28.839     32.634
  19         -5.8     24.069     29.894
  20         -5.8     22.453     28.290
Writing output ... done.
