#################################################################
# If you used AutoDock Vina in your work, please cite:          #
#                                                               #
# O. Trott, A. J. Olson,                                        #
# AutoDock Vina: improving the speed and accuracy of docking    #
# with a new scoring function, efficient optimization and       #
# multithreading, Journal of Computational Chemistry 31 (2010)  #
# 455-461                                                       #
#                                                               #
# DOI 10.1002/jcc.21334                                         #
#                                                               #
# Please see http://vina.scripps.edu for more information.      #
#################################################################

WARNING: The search space volume > 27000 Angstrom^3 (See FAQ)
Reading input ... done.
Setting up the scoring function ... done.
Analyzing the binding site ... done.
Using random seed: 124230120
Performing search ... 
0%   10   20   30   40   50   60   70   80   90   100%
|----|----|----|----|----|----|----|----|----|----|
***************************************************
done.
Refining results ... done.

mode |   affinity | dist from best mode
     | (kcal/mol) | rmsd l.b.| rmsd u.b.
-----+------------+----------+----------
   1        -10.3      0.000      0.000
   2        -10.3      2.222      7.103
   3         -9.9      2.692      8.152
   4         -9.8      2.412      5.305
   5         -9.7      2.703     10.597
   6         -9.5      2.228     10.193
   7         -9.4      2.176     10.376
   8         -9.4      4.459      9.477
   9         -9.3      2.020     10.460
  10         -9.2     28.497     31.592
  11         -9.1      2.652     10.267
  12         -9.1      3.940      9.265
  13         -9.0     29.925     33.038
  14         -9.0     28.461     32.270
  15         -9.0     27.863     31.167
  16         -9.0      2.626      7.711
  17         -9.0     28.211     31.961
  18         -9.0     28.187     31.391
  19         -9.0      2.880     10.893
  20         -8.9     28.262     30.683
Writing output ... done.
