#################################################################
# If you used AutoDock Vina in your work, please cite:          #
#                                                               #
# O. Trott, A. J. Olson,                                        #
# AutoDock Vina: improving the speed and accuracy of docking    #
# with a new scoring function, efficient optimization and       #
# multithreading, Journal of Computational Chemistry 31 (2010)  #
# 455-461                                                       #
#                                                               #
# DOI 10.1002/jcc.21334                                         #
#                                                               #
# Please see http://vina.scripps.edu for more information.      #
#################################################################

WARNING: The search space volume > 27000 Angstrom^3 (See FAQ)
Reading input ... done.
Setting up the scoring function ... done.
Analyzing the binding site ... done.
Using random seed: -1427641088
Performing search ... 
0%   10   20   30   40   50   60   70   80   90   100%
|----|----|----|----|----|----|----|----|----|----|
***************************************************
done.
Refining results ... done.

mode |   affinity | dist from best mode
     | (kcal/mol) | rmsd l.b.| rmsd u.b.
-----+------------+----------+----------
   1         -9.8      0.000      0.000
   2         -9.8     31.597     34.881
   3         -9.7      1.921      7.455
   4         -9.7     33.761     35.509
   5         -9.5      2.159      7.421
   6         -9.3      2.317      7.471
   7         -9.1      2.782      9.394
   8         -9.1     31.867     33.865
   9         -9.0     30.579     34.505
  10         -8.9     30.819     33.295
  11         -8.9      2.735      7.985
  12         -8.9      2.798      7.894
  13         -8.9      2.652      7.361
  14         -8.8     31.157     34.526
  15         -8.8     31.440     34.278
  16         -8.8     31.287     34.721
  17         -8.7     30.714     34.009
  18         -8.7      2.529      7.966
  19         -8.6     32.099     34.045
  20         -8.5     29.842     33.714
Writing output ... done.
