#################################################################
# If you used AutoDock Vina in your work, please cite:          #
#                                                               #
# O. Trott, A. J. Olson,                                        #
# AutoDock Vina: improving the speed and accuracy of docking    #
# with a new scoring function, efficient optimization and       #
# multithreading, Journal of Computational Chemistry 31 (2010)  #
# 455-461                                                       #
#                                                               #
# DOI 10.1002/jcc.21334                                         #
#                                                               #
# Please see http://vina.scripps.edu for more information.      #
#################################################################

WARNING: The search space volume > 27000 Angstrom^3 (See FAQ)
Reading input ... done.
Setting up the scoring function ... done.
Analyzing the binding site ... done.
Using random seed: 1035389136
Performing search ... 
0%   10   20   30   40   50   60   70   80   90   100%
|----|----|----|----|----|----|----|----|----|----|
***************************************************
done.
Refining results ... done.

mode |   affinity | dist from best mode
     | (kcal/mol) | rmsd l.b.| rmsd u.b.
-----+------------+----------+----------
   1        -10.2      0.000      0.000
   2        -10.2      1.806      4.937
   3        -10.2      1.697      2.228
   4        -10.1      1.813      5.178
   5        -10.1      1.835      7.227
   6        -10.0      1.881      2.277
   7         -9.9      1.927      7.788
   8         -9.6      1.844      8.104
   9         -9.6      1.866      9.927
  10         -9.6      1.769      7.274
  11         -9.6      1.833      7.830
  12         -9.6      3.367      7.137
  13         -9.5      2.461      4.437
  14         -9.5      2.741      4.643
  15         -9.5      1.603      7.633
  16         -9.4      1.962      7.545
  17         -9.2      3.148      8.759
  18         -9.2      1.768      8.100
  19         -9.1      1.925      8.167
  20         -9.0      3.244      8.941
Writing output ... done.
