#################################################################
# If you used AutoDock Vina in your work, please cite:          #
#                                                               #
# O. Trott, A. J. Olson,                                        #
# AutoDock Vina: improving the speed and accuracy of docking    #
# with a new scoring function, efficient optimization and       #
# multithreading, Journal of Computational Chemistry 31 (2010)  #
# 455-461                                                       #
#                                                               #
# DOI 10.1002/jcc.21334                                         #
#                                                               #
# Please see http://vina.scripps.edu for more information.      #
#################################################################

WARNING: The search space volume > 27000 Angstrom^3 (See FAQ)
Reading input ... done.
Setting up the scoring function ... done.
Analyzing the binding site ... done.
Using random seed: 1456805642
Performing search ... 
0%   10   20   30   40   50   60   70   80   90   100%
|----|----|----|----|----|----|----|----|----|----|
***************************************************
done.
Refining results ... done.

mode |   affinity | dist from best mode
     | (kcal/mol) | rmsd l.b.| rmsd u.b.
-----+------------+----------+----------
   1        -10.8      0.000      0.000
   2        -10.5      2.939      8.079
   3        -10.3      1.951      6.951
   4        -10.2      2.512      7.639
   5        -10.2      2.760      9.789
   6        -10.0      2.593      9.362
   7         -9.8      3.449      7.914
   8         -9.8      1.696      2.164
   9         -9.5     29.672     33.634
  10         -9.3      2.460      7.403
  11         -9.2      2.158      7.319
  12         -9.2     31.868     34.456
  13         -9.1      3.919      8.825
  14         -9.0     30.091     33.280
  15         -9.0     29.234     32.569
  16         -8.9      2.850      9.473
  17         -8.9     29.699     33.088
  18         -8.8     29.938     34.399
  19         -8.7     30.493     33.139
  20         -8.7     31.372     34.441
Writing output ... done.
