#################################################################
# If you used AutoDock Vina in your work, please cite:          #
#                                                               #
# O. Trott, A. J. Olson,                                        #
# AutoDock Vina: improving the speed and accuracy of docking    #
# with a new scoring function, efficient optimization and       #
# multithreading, Journal of Computational Chemistry 31 (2010)  #
# 455-461                                                       #
#                                                               #
# DOI 10.1002/jcc.21334                                         #
#                                                               #
# Please see http://vina.scripps.edu for more information.      #
#################################################################

WARNING: The search space volume > 27000 Angstrom^3 (See FAQ)
Reading input ... done.
Setting up the scoring function ... done.
Analyzing the binding site ... done.
Using random seed: 667902756
Performing search ... 
0%   10   20   30   40   50   60   70   80   90   100%
|----|----|----|----|----|----|----|----|----|----|
***************************************************
done.
Refining results ... done.

mode |   affinity | dist from best mode
     | (kcal/mol) | rmsd l.b.| rmsd u.b.
-----+------------+----------+----------
   1        -10.0      0.000      0.000
   2         -9.2      2.252      7.486
   3         -9.2      7.965     13.845
   4         -8.9     30.256     33.839
   5         -8.9     29.262     32.291
   6         -8.8      8.156     12.844
   7         -8.8      5.345     10.345
   8         -8.8     30.257     32.727
   9         -8.4     30.087     34.301
  10         -8.3     30.910     33.918
  11         -8.2     29.513     33.558
  12         -8.1      2.878      7.607
  13         -8.0     10.618     14.182
  14         -8.0      2.244      7.616
  15         -7.9     10.717     15.508
  16         -7.8     29.828     33.407
  17         -7.6      2.815      7.169
  18         -7.5     16.261     21.464
  19         -7.4     29.689     31.697
  20         -7.3     16.822     22.012
Writing output ... done.
