#################################################################
# If you used AutoDock Vina in your work, please cite:          #
#                                                               #
# O. Trott, A. J. Olson,                                        #
# AutoDock Vina: improving the speed and accuracy of docking    #
# with a new scoring function, efficient optimization and       #
# multithreading, Journal of Computational Chemistry 31 (2010)  #
# 455-461                                                       #
#                                                               #
# DOI 10.1002/jcc.21334                                         #
#                                                               #
# Please see http://vina.scripps.edu for more information.      #
#################################################################

WARNING: The search space volume > 27000 Angstrom^3 (See FAQ)
Reading input ... done.
Setting up the scoring function ... done.
Analyzing the binding site ... done.
Using random seed: -516400443
Performing search ... 
0%   10   20   30   40   50   60   70   80   90   100%
|----|----|----|----|----|----|----|----|----|----|
***************************************************
done.
Refining results ... done.

mode |   affinity | dist from best mode
     | (kcal/mol) | rmsd l.b.| rmsd u.b.
-----+------------+----------+----------
   1        -10.5      0.000      0.000
   2        -10.2     28.457     32.201
   3        -10.0     28.895     32.627
   4         -9.9      1.874      7.269
   5         -9.7      2.169     10.385
   6         -9.2     28.214     32.182
   7         -8.7      1.886      7.576
   8         -8.6     28.733     32.188
   9         -8.6      2.036      7.541
  10         -8.5     28.491     32.403
  11         -8.3      2.193      8.162
  12         -8.3      1.856      8.230
  13         -8.2     28.786     32.457
Writing output ... done.
