#################################################################
# If you used AutoDock Vina in your work, please cite:          #
#                                                               #
# O. Trott, A. J. Olson,                                        #
# AutoDock Vina: improving the speed and accuracy of docking    #
# with a new scoring function, efficient optimization and       #
# multithreading, Journal of Computational Chemistry 31 (2010)  #
# 455-461                                                       #
#                                                               #
# DOI 10.1002/jcc.21334                                         #
#                                                               #
# Please see http://vina.scripps.edu for more information.      #
#################################################################

WARNING: The search space volume > 27000 Angstrom^3 (See FAQ)
Reading input ... done.
Setting up the scoring function ... done.
Analyzing the binding site ... done.
Using random seed: 1165136075
Performing search ... 
0%   10   20   30   40   50   60   70   80   90   100%
|----|----|----|----|----|----|----|----|----|----|
***************************************************
done.
Refining results ... done.

mode |   affinity | dist from best mode
     | (kcal/mol) | rmsd l.b.| rmsd u.b.
-----+------------+----------+----------
   1         -8.2      0.000      0.000
   2         -8.1      1.442      1.689
   3         -8.0      2.036      7.412
   4         -8.0      2.019      2.734
   5         -7.9      1.877      7.666
   6         -7.9      1.501      2.330
   7         -7.8      1.932      7.510
   8         -7.8      1.468      7.937
   9         -7.7      1.894      2.247
  10         -7.6      1.685      7.801
  11         -7.6      1.683      8.100
  12         -7.5      1.880      7.510
  13         -7.5      2.715      6.906
  14         -7.5      3.640     10.208
  15         -7.4      2.336      8.551
  16         -7.4      1.818      8.497
  17         -7.3      2.172      7.387
  18         -7.2     31.341     34.443
  19         -7.2     30.195     34.264
  20         -7.0      1.947      8.398
Writing output ... done.
