#################################################################
# If you used AutoDock Vina in your work, please cite:          #
#                                                               #
# O. Trott, A. J. Olson,                                        #
# AutoDock Vina: improving the speed and accuracy of docking    #
# with a new scoring function, efficient optimization and       #
# multithreading, Journal of Computational Chemistry 31 (2010)  #
# 455-461                                                       #
#                                                               #
# DOI 10.1002/jcc.21334                                         #
#                                                               #
# Please see http://vina.scripps.edu for more information.      #
#################################################################

WARNING: The search space volume > 27000 Angstrom^3 (See FAQ)
Reading input ... done.
Setting up the scoring function ... done.
Analyzing the binding site ... done.
Using random seed: 1211401150
Performing search ... 
0%   10   20   30   40   50   60   70   80   90   100%
|----|----|----|----|----|----|----|----|----|----|
***************************************************
done.
Refining results ... done.

mode |   affinity | dist from best mode
     | (kcal/mol) | rmsd l.b.| rmsd u.b.
-----+------------+----------+----------
   1        -10.2      0.000      0.000
   2        -10.1     29.037     33.204
   3        -10.1     28.680     32.542
   4         -9.9      3.062      9.682
   5         -9.8      3.063      9.320
   6         -9.7     28.361     32.233
   7         -9.6      3.116      8.278
   8         -8.4      2.745      7.655
   9         -8.4      1.723      2.304
  10         -8.1     29.687     35.899
  11         -8.1     29.448     33.859
  12         -8.1     28.190     32.471
  13         -8.0     30.021     36.523
  14         -7.9     29.762     36.613
  15         -7.9     29.949     35.686
  16         -7.8     30.259     36.868
  17         -7.5     10.990     15.472
  18         -7.5     28.571     33.498
  19         -7.5     30.439     34.846
  20         -7.5     29.749     34.537
Writing output ... done.
