#################################################################
# If you used AutoDock Vina in your work, please cite:          #
#                                                               #
# O. Trott, A. J. Olson,                                        #
# AutoDock Vina: improving the speed and accuracy of docking    #
# with a new scoring function, efficient optimization and       #
# multithreading, Journal of Computational Chemistry 31 (2010)  #
# 455-461                                                       #
#                                                               #
# DOI 10.1002/jcc.21334                                         #
#                                                               #
# Please see http://vina.scripps.edu for more information.      #
#################################################################

WARNING: The search space volume > 27000 Angstrom^3 (See FAQ)
Reading input ... done.
Setting up the scoring function ... done.
Analyzing the binding site ... done.
Using random seed: -1673007578
Performing search ... 
0%   10   20   30   40   50   60   70   80   90   100%
|----|----|----|----|----|----|----|----|----|----|
***************************************************
done.
Refining results ... done.

mode |   affinity | dist from best mode
     | (kcal/mol) | rmsd l.b.| rmsd u.b.
-----+------------+----------+----------
   1         -9.1      0.000      0.000
   2         -8.9      2.080      9.986
   3         -8.9      2.091     10.090
   4         -8.9     30.470     34.429
   5         -8.8      2.258      9.885
   6         -8.8      1.730      8.333
   7         -8.8     29.230     32.369
   8         -8.8      1.760      9.719
   9         -8.6      1.865      8.145
  10         -8.5      1.692      8.080
  11         -8.5     30.584     33.332
  12         -8.4      1.893      8.227
  13         -8.3      1.521      2.043
  14         -8.3      2.433     10.040
  15         -8.3     30.446     34.343
  16         -8.3      2.130     10.079
  17         -8.3     30.124     33.684
  18         -8.3      1.156      7.295
  19         -8.2     29.916     33.803
  20         -8.2      2.275      8.396
Writing output ... done.
