#################################################################
# If you used AutoDock Vina in your work, please cite:          #
#                                                               #
# O. Trott, A. J. Olson,                                        #
# AutoDock Vina: improving the speed and accuracy of docking    #
# with a new scoring function, efficient optimization and       #
# multithreading, Journal of Computational Chemistry 31 (2010)  #
# 455-461                                                       #
#                                                               #
# DOI 10.1002/jcc.21334                                         #
#                                                               #
# Please see http://vina.scripps.edu for more information.      #
#################################################################

WARNING: The search space volume > 27000 Angstrom^3 (See FAQ)
Reading input ... done.
Setting up the scoring function ... done.
Analyzing the binding site ... done.
Using random seed: 1559045612
Performing search ... 
0%   10   20   30   40   50   60   70   80   90   100%
|----|----|----|----|----|----|----|----|----|----|
***************************************************
done.
Refining results ... done.

mode |   affinity | dist from best mode
     | (kcal/mol) | rmsd l.b.| rmsd u.b.
-----+------------+----------+----------
   1         -9.8      0.000      0.000
   2         -9.4      1.719      9.665
   3         -9.3      2.024      8.292
   4         -8.7      1.862     10.424
   5         -8.6      1.718      8.227
   6         -7.8     27.719     31.006
   7         -7.4     27.573     33.116
   8         -7.3     10.323     15.471
   9         -7.3     25.175     27.899
  10         -7.2     10.669     14.725
  11         -7.1     26.493     28.983
  12         -7.1     25.704     28.501
  13         -7.1     25.951     29.206
  14         -7.1     10.977     15.133
  15         -7.1     27.200     30.145
  16         -7.0     11.342     15.276
  17         -7.0     25.194     28.613
  18         -7.0     27.203     29.304
  19         -7.0     11.398     15.586
  20         -6.9     25.181     29.977
Writing output ... done.
