#################################################################
# If you used AutoDock Vina in your work, please cite:          #
#                                                               #
# O. Trott, A. J. Olson,                                        #
# AutoDock Vina: improving the speed and accuracy of docking    #
# with a new scoring function, efficient optimization and       #
# multithreading, Journal of Computational Chemistry 31 (2010)  #
# 455-461                                                       #
#                                                               #
# DOI 10.1002/jcc.21334                                         #
#                                                               #
# Please see http://vina.scripps.edu for more information.      #
#################################################################

WARNING: The search space volume > 27000 Angstrom^3 (See FAQ)
Reading input ... done.
Setting up the scoring function ... done.
Analyzing the binding site ... done.
Using random seed: 89747386
Performing search ... 
0%   10   20   30   40   50   60   70   80   90   100%
|----|----|----|----|----|----|----|----|----|----|
***************************************************
done.
Refining results ... done.

mode |   affinity | dist from best mode
     | (kcal/mol) | rmsd l.b.| rmsd u.b.
-----+------------+----------+----------
   1         -8.6      0.000      0.000
   2         -8.6      2.445      7.436
   3         -8.5     22.474     24.887
   4         -8.4     22.973     25.109
   5         -8.1     20.478     23.186
   6         -8.0      6.394     11.321
   7         -8.0     20.319     23.265
   8         -8.0     22.594     24.663
   9         -8.0      2.455      8.657
  10         -7.9     20.360     23.490
  11         -7.6      5.275     10.214
  12         -7.6     22.548     24.691
  13         -7.5      6.666     11.810
  14         -7.5     23.545     26.385
  15         -7.5     22.174     24.442
  16         -7.5     24.562     27.253
  17         -7.4     21.878     24.463
  18         -7.4     22.169     24.198
  19         -7.3     19.841     22.748
  20         -7.3     29.360     31.720
Writing output ... done.
