#################################################################
# If you used AutoDock Vina in your work, please cite:          #
#                                                               #
# O. Trott, A. J. Olson,                                        #
# AutoDock Vina: improving the speed and accuracy of docking    #
# with a new scoring function, efficient optimization and       #
# multithreading, Journal of Computational Chemistry 31 (2010)  #
# 455-461                                                       #
#                                                               #
# DOI 10.1002/jcc.21334                                         #
#                                                               #
# Please see http://vina.scripps.edu for more information.      #
#################################################################

WARNING: The search space volume > 27000 Angstrom^3 (See FAQ)
Reading input ... done.
Setting up the scoring function ... done.
Analyzing the binding site ... done.
Using random seed: 2090240264
Performing search ... 
0%   10   20   30   40   50   60   70   80   90   100%
|----|----|----|----|----|----|----|----|----|----|
***************************************************
done.
Refining results ... done.

mode |   affinity | dist from best mode
     | (kcal/mol) | rmsd l.b.| rmsd u.b.
-----+------------+----------+----------
   1         -9.7      0.000      0.000
   2         -9.6     29.703     33.579
   3         -9.5     29.802     33.057
   4         -9.4     32.161     34.282
   5         -9.1     31.795     34.296
   6         -9.0      2.706      8.796
   7         -9.0     31.426     34.300
   8         -8.9     31.416     34.264
   9         -8.9     32.633     35.439
  10         -8.8     30.952     34.007
  11         -8.7     31.503     34.260
  12         -8.7     29.741     33.552
  13         -8.7     31.558     34.554
  14         -8.6     30.976     34.656
  15         -8.4     30.963     34.202
  16         -8.3     28.672     33.142
  17         -8.3     31.048     34.804
  18         -8.2     27.842     30.142
  19         -8.0     30.889     33.931
  20         -8.0     30.733     34.206
Writing output ... done.
