#################################################################
# If you used AutoDock Vina in your work, please cite:          #
#                                                               #
# O. Trott, A. J. Olson,                                        #
# AutoDock Vina: improving the speed and accuracy of docking    #
# with a new scoring function, efficient optimization and       #
# multithreading, Journal of Computational Chemistry 31 (2010)  #
# 455-461                                                       #
#                                                               #
# DOI 10.1002/jcc.21334                                         #
#                                                               #
# Please see http://vina.scripps.edu for more information.      #
#################################################################

WARNING: The search space volume > 27000 Angstrom^3 (See FAQ)
Reading input ... done.
Setting up the scoring function ... done.
Analyzing the binding site ... done.
Using random seed: 2109884800
Performing search ... 
0%   10   20   30   40   50   60   70   80   90   100%
|----|----|----|----|----|----|----|----|----|----|
***************************************************
done.
Refining results ... done.

mode |   affinity | dist from best mode
     | (kcal/mol) | rmsd l.b.| rmsd u.b.
-----+------------+----------+----------
   1        -10.5      0.000      0.000
   2         -9.7      2.045      6.934
   3         -9.6      2.982      7.164
   4         -9.4      3.175      7.932
   5         -9.3      1.860      7.016
   6         -9.3      3.042      8.226
   7         -9.2      1.891      6.558
   8         -9.2      2.626      7.681
   9         -9.1      2.995      8.106
  10         -9.0      2.352      6.732
  11         -9.0     35.821     38.959
  12         -9.0      3.757      9.340
  13         -8.9     31.389     34.165
  14         -8.9      5.161     10.137
  15         -8.9      3.565      6.658
  16         -8.8      3.199      8.331
  17         -8.8     32.158     35.416
  18         -8.7     31.062     33.755
  19         -8.7      4.127      8.665
  20         -8.6      2.955      9.280
Writing output ... done.
