#################################################################
# If you used AutoDock Vina in your work, please cite:          #
#                                                               #
# O. Trott, A. J. Olson,                                        #
# AutoDock Vina: improving the speed and accuracy of docking    #
# with a new scoring function, efficient optimization and       #
# multithreading, Journal of Computational Chemistry 31 (2010)  #
# 455-461                                                       #
#                                                               #
# DOI 10.1002/jcc.21334                                         #
#                                                               #
# Please see http://vina.scripps.edu for more information.      #
#################################################################

WARNING: The search space volume > 27000 Angstrom^3 (See FAQ)
Reading input ... done.
Setting up the scoring function ... done.
Analyzing the binding site ... done.
Using random seed: 509973326
Performing search ... 
0%   10   20   30   40   50   60   70   80   90   100%
|----|----|----|----|----|----|----|----|----|----|
***************************************************
done.
Refining results ... done.

mode |   affinity | dist from best mode
     | (kcal/mol) | rmsd l.b.| rmsd u.b.
-----+------------+----------+----------
   1         -9.9      0.000      0.000
   2         -9.5      1.984      6.927
   3         -8.9     27.350     31.179
   4         -8.9      2.449      8.078
   5         -8.7      1.569      7.221
   6         -8.5     27.900     30.973
   7         -8.3      1.563      2.010
   8         -8.2     24.614     28.018
   9         -8.2     11.587     15.048
  10         -8.1     25.067     28.658
  11         -8.1     26.314     29.716
  12         -8.1     11.899     16.802
  13         -8.1     27.071     30.294
  14         -8.0     27.235     30.127
  15         -8.0     27.468     31.252
  16         -8.0     11.797     16.387
  17         -8.0     28.144     31.645
  18         -7.9     27.678     30.418
  19         -7.9     12.600     17.173
  20         -7.8     23.835     28.167
Writing output ... done.
