#################################################################
# If you used AutoDock Vina in your work, please cite:          #
#                                                               #
# O. Trott, A. J. Olson,                                        #
# AutoDock Vina: improving the speed and accuracy of docking    #
# with a new scoring function, efficient optimization and       #
# multithreading, Journal of Computational Chemistry 31 (2010)  #
# 455-461                                                       #
#                                                               #
# DOI 10.1002/jcc.21334                                         #
#                                                               #
# Please see http://vina.scripps.edu for more information.      #
#################################################################

WARNING: The search space volume > 27000 Angstrom^3 (See FAQ)
Reading input ... done.
Setting up the scoring function ... done.
Analyzing the binding site ... done.
Using random seed: 900898048
Performing search ... 
0%   10   20   30   40   50   60   70   80   90   100%
|----|----|----|----|----|----|----|----|----|----|
***************************************************
done.
Refining results ... done.

mode |   affinity | dist from best mode
     | (kcal/mol) | rmsd l.b.| rmsd u.b.
-----+------------+----------+----------
   1        -10.2      0.000      0.000
   2        -10.2      1.930      2.316
   3        -10.0      4.295      9.989
   4         -9.8      2.991      7.909
   5         -9.7      2.467      7.424
   6         -9.6      1.573      7.129
   7         -9.5      3.673      7.980
   8         -9.3     31.088     33.623
   9         -9.2     31.848     34.918
  10         -9.2     31.248     33.652
  11         -9.1     33.606     36.038
  12         -9.1      3.760      8.433
  13         -9.0     33.303     35.835
  14         -9.0      3.542     10.012
  15         -9.0     31.543     34.665
  16         -8.9     31.775     34.781
  17         -8.9     31.967     34.513
  18         -8.9     31.449     34.479
  19         -8.9     32.020     34.535
  20         -8.8     33.473     36.353
Writing output ... done.
