#################################################################
# If you used AutoDock Vina in your work, please cite:          #
#                                                               #
# O. Trott, A. J. Olson,                                        #
# AutoDock Vina: improving the speed and accuracy of docking    #
# with a new scoring function, efficient optimization and       #
# multithreading, Journal of Computational Chemistry 31 (2010)  #
# 455-461                                                       #
#                                                               #
# DOI 10.1002/jcc.21334                                         #
#                                                               #
# Please see http://vina.scripps.edu for more information.      #
#################################################################

WARNING: The search space volume > 27000 Angstrom^3 (See FAQ)
Reading input ... done.
Setting up the scoring function ... done.
Analyzing the binding site ... done.
Using random seed: -293121718
Performing search ... 
0%   10   20   30   40   50   60   70   80   90   100%
|----|----|----|----|----|----|----|----|----|----|
***************************************************
done.
Refining results ... done.

mode |   affinity | dist from best mode
     | (kcal/mol) | rmsd l.b.| rmsd u.b.
-----+------------+----------+----------
   1        -10.2      0.000      0.000
   2        -10.1      2.410      7.025
   3         -9.3      2.942      7.901
   4         -9.1      5.298     10.483
   5         -8.9      2.445      7.041
   6         -8.5      3.520      9.403
   7         -8.2     21.261     22.965
   8         -7.9     21.006     22.487
   9         -7.8      1.877      7.057
  10         -7.8     22.795     24.497
  11         -7.8     25.408     30.619
  12         -7.7     24.249     25.678
  13         -7.6     34.911     36.699
  14         -7.6     11.012     15.130
  15         -7.6     21.304     22.976
  16         -7.5     35.162     36.850
  17         -7.5     35.014     37.074
  18         -7.4     26.344     29.349
  19         -7.4     12.666     16.598
  20         -7.3     25.778     29.236
Writing output ... done.
