#################################################################
# If you used AutoDock Vina in your work, please cite:          #
#                                                               #
# O. Trott, A. J. Olson,                                        #
# AutoDock Vina: improving the speed and accuracy of docking    #
# with a new scoring function, efficient optimization and       #
# multithreading, Journal of Computational Chemistry 31 (2010)  #
# 455-461                                                       #
#                                                               #
# DOI 10.1002/jcc.21334                                         #
#                                                               #
# Please see http://vina.scripps.edu for more information.      #
#################################################################

WARNING: The search space volume > 27000 Angstrom^3 (See FAQ)
Reading input ... done.
Setting up the scoring function ... done.
Analyzing the binding site ... done.
Using random seed: 1112151867
Performing search ... 
0%   10   20   30   40   50   60   70   80   90   100%
|----|----|----|----|----|----|----|----|----|----|
***************************************************
done.
Refining results ... done.

mode |   affinity | dist from best mode
     | (kcal/mol) | rmsd l.b.| rmsd u.b.
-----+------------+----------+----------
   1         -7.1      0.000      0.000
   2         -7.1      1.650      8.291
   3         -7.0      0.980      1.446
   4         -7.0      2.003      3.488
   5         -6.9      1.862      5.144
   6         -6.8      1.468      7.840
   7         -6.8      1.817      8.156
   8         -6.7      1.896      9.781
   9         -6.7      1.809      3.907
  10         -6.7      1.956      8.335
  11         -6.7      2.121      7.880
  12         -6.6      6.891     12.897
  13         -6.6      1.818      2.290
  14         -6.6      1.606      7.412
  15         -6.5      2.117      8.423
  16         -6.5      2.257      8.483
  17         -6.5      1.798      7.506
  18         -6.4      1.768     10.097
  19         -6.4      2.446     11.118
  20         -6.4      2.135      7.923
Writing output ... done.
