#################################################################
# If you used AutoDock Vina in your work, please cite:          #
#                                                               #
# O. Trott, A. J. Olson,                                        #
# AutoDock Vina: improving the speed and accuracy of docking    #
# with a new scoring function, efficient optimization and       #
# multithreading, Journal of Computational Chemistry 31 (2010)  #
# 455-461                                                       #
#                                                               #
# DOI 10.1002/jcc.21334                                         #
#                                                               #
# Please see http://vina.scripps.edu for more information.      #
#################################################################

WARNING: The search space volume > 27000 Angstrom^3 (See FAQ)
Reading input ... done.
Setting up the scoring function ... done.
Analyzing the binding site ... done.
Using random seed: 1306827040
Performing search ... 
0%   10   20   30   40   50   60   70   80   90   100%
|----|----|----|----|----|----|----|----|----|----|
***************************************************
done.
Refining results ... done.

mode |   affinity | dist from best mode
     | (kcal/mol) | rmsd l.b.| rmsd u.b.
-----+------------+----------+----------
   1         -8.8      0.000      0.000
   2         -8.1      2.196      8.082
   3         -7.8     22.045     25.357
   4         -7.7      1.025      7.012
   5         -7.6      2.064      7.992
   6         -7.5      1.934      7.901
   7         -7.3      6.077     11.574
   8         -7.2     22.182     25.518
   9         -7.1      4.988     11.300
  10         -7.0      1.619      7.858
  11         -7.0      5.863     10.397
  12         -6.9      1.821      7.197
  13         -6.9      6.716     10.478
  14         -6.9      5.902     11.299
  15         -6.9      5.249     10.124
  16         -6.9      6.646     11.280
  17         -6.8     16.291     22.444
  18         -6.8      2.691     10.086
  19         -6.8     14.462     19.783
  20         -6.7      5.024     10.269
Writing output ... done.
