#################################################################
# If you used AutoDock Vina in your work, please cite:          #
#                                                               #
# O. Trott, A. J. Olson,                                        #
# AutoDock Vina: improving the speed and accuracy of docking    #
# with a new scoring function, efficient optimization and       #
# multithreading, Journal of Computational Chemistry 31 (2010)  #
# 455-461                                                       #
#                                                               #
# DOI 10.1002/jcc.21334                                         #
#                                                               #
# Please see http://vina.scripps.edu for more information.      #
#################################################################

WARNING: The search space volume > 27000 Angstrom^3 (See FAQ)
Reading input ... done.
Setting up the scoring function ... done.
Analyzing the binding site ... done.
Using random seed: 1193052416
Performing search ... 
0%   10   20   30   40   50   60   70   80   90   100%
|----|----|----|----|----|----|----|----|----|----|
***************************************************
done.
Refining results ... done.

mode |   affinity | dist from best mode
     | (kcal/mol) | rmsd l.b.| rmsd u.b.
-----+------------+----------+----------
   1         -8.8      0.000      0.000
   2         -8.3      3.325      6.552
   3         -8.2      3.031      8.073
   4         -8.1     21.842     25.007
   5         -8.0     22.029     26.064
   6         -7.7      5.370     10.810
   7         -7.6     22.051     25.948
   8         -7.6     20.583     24.095
   9         -7.6     20.341     23.568
  10         -7.6     20.428     23.575
  11         -7.5      3.463      7.053
  12         -7.1     22.191     25.728
  13         -7.1      4.497      8.711
  14         -7.1      4.332      7.368
  15         -6.9     20.074     23.290
  16         -6.9     18.185     20.884
  17         -6.9     22.704     25.500
  18         -6.9     20.162     23.111
  19         -6.9     20.760     24.509
  20         -6.9     15.829     19.682
Writing output ... done.
