#################################################################
# If you used AutoDock Vina in your work, please cite:          #
#                                                               #
# O. Trott, A. J. Olson,                                        #
# AutoDock Vina: improving the speed and accuracy of docking    #
# with a new scoring function, efficient optimization and       #
# multithreading, Journal of Computational Chemistry 31 (2010)  #
# 455-461                                                       #
#                                                               #
# DOI 10.1002/jcc.21334                                         #
#                                                               #
# Please see http://vina.scripps.edu for more information.      #
#################################################################

WARNING: The search space volume > 27000 Angstrom^3 (See FAQ)
Reading input ... done.
Setting up the scoring function ... done.
Analyzing the binding site ... done.
Using random seed: 1586032676
Performing search ... 
0%   10   20   30   40   50   60   70   80   90   100%
|----|----|----|----|----|----|----|----|----|----|
***************************************************
done.
Refining results ... done.

mode |   affinity | dist from best mode
     | (kcal/mol) | rmsd l.b.| rmsd u.b.
-----+------------+----------+----------
   1        -10.8      0.000      0.000
   2        -10.4      2.914      8.048
   3        -10.3      1.991      6.953
   4        -10.2      2.667      9.595
   5        -10.1      2.249      7.446
   6        -10.1      1.861      2.351
   7        -10.1      2.340      7.121
   8         -9.9      3.053      9.881
   9         -9.9      2.653      9.380
  10         -9.2     29.729     33.652
  11         -9.2     31.960     34.522
  12         -9.0     30.093     33.336
  13         -8.9     30.513     33.103
  14         -8.8     29.867     34.260
  15         -8.8      2.584      7.206
  16         -8.6     30.358     34.020
  17         -8.6     29.777     33.848
  18         -8.6     31.277     34.383
  19         -8.3     29.895     34.318
  20         -8.3     29.759     33.606
Writing output ... done.
