#################################################################
# If you used AutoDock Vina in your work, please cite:          #
#                                                               #
# O. Trott, A. J. Olson,                                        #
# AutoDock Vina: improving the speed and accuracy of docking    #
# with a new scoring function, efficient optimization and       #
# multithreading, Journal of Computational Chemistry 31 (2010)  #
# 455-461                                                       #
#                                                               #
# DOI 10.1002/jcc.21334                                         #
#                                                               #
# Please see http://vina.scripps.edu for more information.      #
#################################################################

WARNING: The search space volume > 27000 Angstrom^3 (See FAQ)
Reading input ... done.
Setting up the scoring function ... done.
Analyzing the binding site ... done.
Using random seed: -1927225156
Performing search ... 
0%   10   20   30   40   50   60   70   80   90   100%
|----|----|----|----|----|----|----|----|----|----|
***************************************************
done.
Refining results ... done.

mode |   affinity | dist from best mode
     | (kcal/mol) | rmsd l.b.| rmsd u.b.
-----+------------+----------+----------
   1        -10.6      0.000      0.000
   2        -10.6      2.373      6.988
   3        -10.5     28.313     31.541
   4        -10.5      2.384      6.919
   5        -10.1      2.177      7.070
   6        -10.1     29.021     31.881
   7         -9.8     30.640     33.727
   8         -9.8      4.420      9.863
   9         -9.8     29.228     32.229
  10         -9.6      2.928      4.554
  11         -9.6     28.656     32.334
  12         -9.6     28.981     32.419
  13         -9.6      2.584      7.568
  14         -9.5     28.886     32.353
  15         -9.5      2.943      7.875
  16         -9.3      2.246      7.085
  17         -9.2     29.026     32.410
  18         -9.1      2.451      7.920
  19         -9.1      1.917      7.172
  20         -9.0      2.753      7.437
Writing output ... done.
