#################################################################
# If you used AutoDock Vina in your work, please cite:          #
#                                                               #
# O. Trott, A. J. Olson,                                        #
# AutoDock Vina: improving the speed and accuracy of docking    #
# with a new scoring function, efficient optimization and       #
# multithreading, Journal of Computational Chemistry 31 (2010)  #
# 455-461                                                       #
#                                                               #
# DOI 10.1002/jcc.21334                                         #
#                                                               #
# Please see http://vina.scripps.edu for more information.      #
#################################################################

WARNING: The search space volume > 27000 Angstrom^3 (See FAQ)
Reading input ... done.
Setting up the scoring function ... done.
Analyzing the binding site ... done.
Using random seed: -1407486027
Performing search ... 
0%   10   20   30   40   50   60   70   80   90   100%
|----|----|----|----|----|----|----|----|----|----|
***************************************************
done.
Refining results ... done.

mode |   affinity | dist from best mode
     | (kcal/mol) | rmsd l.b.| rmsd u.b.
-----+------------+----------+----------
   1         -7.9      0.000      0.000
   2         -7.8      6.944     11.958
   3         -7.8     15.463     20.824
   4         -7.7     15.573     21.071
   5         -7.6     16.029     20.198
   6         -7.5     14.320     19.506
   7         -7.5     25.811     29.359
   8         -7.4     14.376     19.747
   9         -7.4      2.187      3.376
  10         -7.4     14.572     20.073
  11         -7.3     29.707     32.204
  12         -7.1     29.246     32.078
  13         -7.0      4.129     10.998
  14         -7.0      2.150      7.220
  15         -7.0     29.222     31.124
  16         -6.9     32.305     34.693
  17         -6.9     29.325     32.243
  18         -6.8     29.645     32.478
  19         -6.8      3.515      8.549
  20         -6.7     15.802     21.318
Writing output ... done.
